#! /c/Source/iverilog-install/bin/vvp
:ivl_version "12.0 (devel)" "(s20150603-1539-g2693dd32b)";
:ivl_delay_selection "TYPICAL";
:vpi_time_precision - 10;
:vpi_module "D:\iverilog\lib\ivl\system.vpi";
:vpi_module "D:\iverilog\lib\ivl\vhdl_sys.vpi";
:vpi_module "D:\iverilog\lib\ivl\vhdl_textio.vpi";
:vpi_module "D:\iverilog\lib\ivl\v2005_math.vpi";
:vpi_module "D:\iverilog\lib\ivl\va_math.vpi";
S_000001dfa9c573f0 .scope module, "testbench" "testbench" 2 3;
 .timescale -9 -10;
P_000001dfa9c57580 .param/l "ADDRWIDTH_SRAM" 0 2 8, +C4<00000000000000000000000000010000>;
P_000001dfa9c575b8 .param/l "ADDR_WIDTH" 0 2 4, +C4<00000000000000000000000000100000>;
P_000001dfa9c575f0 .param/l "BASEADDR_SRAM" 0 2 10, C4<00100000000000000000000000000000>;
P_000001dfa9c57628 .param/l "CLK_PERIOD" 0 2 6, +C4<00000000000000000000000000001010>;
P_000001dfa9c57660 .param/l "DATA_WIDTH" 0 2 5, +C4<00000000000000000000000000100000>;
P_000001dfa9c57698 .param/l "REGS_NUM_SRAM" 0 2 9, +C4<00000000000000000000000100000000>;
P_000001dfa9c576d0 .param/l "RST_LENGTH" 0 2 7, +C4<00000000000000000000000000000001>;
L_000001dfa9c6dec0 .functor OR 1, L_000001dfaa0f0a90, L_000001dfaa0f0630, C4<0>, C4<0>;
v000001dfaa0ef8e0_0 .net "AR_ADDR", 31 0, v000001dfa9c7b610_0;  1 drivers
v000001dfaa0ef5c0_0 .net "AR_BURST", 1 0, v000001dfa9c7c010_0;  1 drivers
v000001dfaa0ee9e0_0 .net "AR_LEN", 7 0, v000001dfa9c7bbb0_0;  1 drivers
v000001dfaa0efde0_0 .net "AR_READY", 0 0, L_000001dfa9c6e390;  1 drivers
v000001dfaa0eff20_0 .net "AR_SIZE", 2 0, v000001dfa9c7c970_0;  1 drivers
v000001dfaa0ee080_0 .net "AR_VALID", 0 0, v000001dfa9c7b2f0_0;  1 drivers
v000001dfaa0ef840_0 .net "ASEL", 0 0, L_000001dfa9c6dec0;  1 drivers
v000001dfaa0ef980_0 .net "AW_ADDR", 31 0, v000001dfa9c7c830_0;  1 drivers
v000001dfaa0ef660_0 .net "AW_BURST", 1 0, v000001dfa9c7c330_0;  1 drivers
v000001dfaa0ee4e0_0 .net "AW_LEN", 7 0, v000001dfa9c7c0b0_0;  1 drivers
v000001dfaa0ee120_0 .net "AW_READY", 0 0, L_000001dfaa0f0770;  1 drivers
v000001dfaa0ee1c0_0 .net "AW_SIZE", 2 0, v000001dfa9c7c150_0;  1 drivers
v000001dfaa0ee260_0 .net "AW_VALID", 0 0, v000001dfa9c7c8d0_0;  1 drivers
v000001dfaa0ee300_0 .net "B_READY", 0 0, v000001dfa9c7c1f0_0;  1 drivers
v000001dfaa0ee620_0 .net "B_RESP", 1 0, v000001dfa9c669c0_0;  1 drivers
v000001dfaa0ee760_0 .net "B_VALID", 0 0, v000001dfa9c67460_0;  1 drivers
v000001dfaa0ee800_0 .net "MC_BACK", 0 0, L_000001dfa9c6d9f0;  1 drivers
v000001dfaa0ee8a0_0 .net "MC_RACK", 0 0, v000001dfa9c7be30_0;  1 drivers
v000001dfaa0eea80_0 .net "MC_RADDR", 31 0, v000001dfaa0e91e0_0;  1 drivers
v000001dfaa0eebc0_0 .net "MC_RDATA", 31 0, v000001dfa9c7c3d0_0;  1 drivers
v000001dfaa0eeda0_0 .net "MC_RERROR", 0 0, L_000001dfaa0f0b30;  1 drivers
v000001dfaa0eee40_0 .net "MC_RREQ", 0 0, v000001dfaa0e86a0_0;  1 drivers
v000001dfaa0eef80_0 .net "MC_WACK", 0 0, L_000001dfa9c6d980;  1 drivers
v000001dfaa0f1030_0 .net "MC_WADDR", 31 0, v000001dfaa0e9960_0;  1 drivers
v000001dfaa0f0090_0 .net "MC_WDATA", 31 0, v000001dfaa0e8920_0;  1 drivers
v000001dfaa0f01d0_0 .net "MC_WERROR", 0 0, L_000001dfaa0f1c10;  1 drivers
v000001dfaa0f1350_0 .net "MC_WREQ", 0 0, v000001dfaa0e9a00_0;  1 drivers
v000001dfaa0f1850_0 .net "RF_RACK", 0 0, L_000001dfa9c6dd70;  1 drivers
v000001dfaa0f1530_0 .net "RF_RADDR", 31 0, v000001dfa9c65ac0_0;  1 drivers
v000001dfaa0f1490_0 .net "RF_RDATA", 31 0, v000001dfaa0efca0_0;  1 drivers
v000001dfaa0f0270_0 .net "RF_RERROR", 0 0, v000001dfaa0ef2a0_0;  1 drivers
v000001dfaa0f0f90_0 .net "RF_RREQ", 0 0, v000001dfa9c66ce0_0;  1 drivers
v000001dfaa0f03b0_0 .net "RF_WACK", 0 0, L_000001dfa9c6ea20;  1 drivers
v000001dfaa0f0590_0 .net "RF_WADDR", 31 0, v000001dfaa0e9000_0;  1 drivers
v000001dfaa0f0310_0 .net "RF_WDATA", 31 0, v000001dfaa0e9be0_0;  1 drivers
v000001dfaa0f0db0_0 .net "RF_WERROR", 0 0, v000001dfaa0efa20_0;  1 drivers
v000001dfaa0f1b70_0 .net "RF_WREQ", 0 0, v000001dfaa0e8100_0;  1 drivers
v000001dfaa0f08b0_0 .net "R_DATA", 31 0, v000001dfaa0e81a0_0;  1 drivers
v000001dfaa0f1710_0 .net "R_LAST", 0 0, v000001dfaa0e9280_0;  1 drivers
v000001dfaa0f1cb0_0 .net "R_READY", 0 0, v000001dfa9c7ca10_0;  1 drivers
v000001dfaa0f10d0_0 .net "R_RESP", 1 0, v000001dfaa0e8240_0;  1 drivers
v000001dfaa0f0450_0 .net "R_VALID", 0 0, v000001dfaa0e8a60_0;  1 drivers
v000001dfaa0f1ad0_0 .net "W_DATA", 31 0, v000001dfa9c7d0f0_0;  1 drivers
v000001dfaa0f17b0_0 .net "W_LAST", 0 0, v000001dfa9c7bcf0_0;  1 drivers
v000001dfaa0f18f0_0 .net "W_READY", 0 0, L_000001dfa9c6e780;  1 drivers
v000001dfaa0f1990_0 .net "W_VALID", 0 0, v000001dfa9c67280_0;  1 drivers
v000001dfaa0f1d50_0 .net *"_ivl_1", 15 0, L_000001dfaa0f1a30;  1 drivers
v000001dfaa0f0bd0_0 .net *"_ivl_10", 0 0, L_000001dfaa0f0630;  1 drivers
L_000001dfaa0f2058 .functor BUFT 1, C4<0010000000000000>, C4<0>, C4<0>, C4<0>;
v000001dfaa0f1170_0 .net/2u *"_ivl_2", 15 0, L_000001dfaa0f2058;  1 drivers
v000001dfaa0f1f30_0 .net *"_ivl_4", 0 0, L_000001dfaa0f0a90;  1 drivers
v000001dfaa0f0ef0_0 .net *"_ivl_7", 15 0, L_000001dfaa0f0130;  1 drivers
L_000001dfaa0f20a0 .functor BUFT 1, C4<0010000000000000>, C4<0>, C4<0>, C4<0>;
v000001dfaa0f04f0_0 .net/2u *"_ivl_8", 15 0, L_000001dfaa0f20a0;  1 drivers
v000001dfaa0f1210_0 .net "clk", 0 0, v000001dfaa0e8c40_0;  1 drivers
v000001dfaa0f12b0_0 .net "rst_n", 0 0, v000001dfaa0e8e20_0;  1 drivers
L_000001dfaa0f1a30 .part v000001dfa9c7c830_0, 16, 16;
L_000001dfaa0f0a90 .cmp/eq 16, L_000001dfaa0f1a30, L_000001dfaa0f2058;
L_000001dfaa0f0130 .part v000001dfa9c7b610_0, 16, 16;
L_000001dfaa0f0630 .cmp/eq 16, L_000001dfaa0f0130, L_000001dfaa0f20a0;
L_000001dfaa0f0d10 .part v000001dfaa0e9000_0, 0, 16;
L_000001dfaa0f0e50 .part v000001dfa9c65ac0_0, 0, 16;
S_000001dfa9c3b350 .scope module, "AXI_MASTER_IF0" "AXI_Lite_Master_IF" 2 122, 3 1 0, S_000001dfa9c573f0;
 .timescale 0 0;
    .port_info 0 /INPUT 1 "ACLK";
    .port_info 1 /INPUT 1 "ARESETn";
    .port_info 2 /OUTPUT 32 "AW_ADDR";
    .port_info 3 /OUTPUT 8 "AW_LEN";
    .port_info 4 /OUTPUT 3 "AW_SIZE";
    .port_info 5 /OUTPUT 2 "AW_BURST";
    .port_info 6 /OUTPUT 1 "AW_VALID";
    .port_info 7 /INPUT 1 "AW_READY";
    .port_info 8 /OUTPUT 32 "W_DATA";
    .port_info 9 /OUTPUT 1 "W_LAST";
    .port_info 10 /OUTPUT 1 "W_VALID";
    .port_info 11 /INPUT 1 "W_READY";
    .port_info 12 /INPUT 2 "B_RESP";
    .port_info 13 /INPUT 1 "B_VALID";
    .port_info 14 /OUTPUT 1 "B_READY";
    .port_info 15 /OUTPUT 32 "AR_ADDR";
    .port_info 16 /OUTPUT 8 "AR_LEN";
    .port_info 17 /OUTPUT 3 "AR_SIZE";
    .port_info 18 /OUTPUT 2 "AR_BURST";
    .port_info 19 /OUTPUT 1 "AR_VALID";
    .port_info 20 /INPUT 1 "AR_READY";
    .port_info 21 /INPUT 32 "R_DATA";
    .port_info 22 /INPUT 2 "R_RESP";
    .port_info 23 /INPUT 1 "R_LAST";
    .port_info 24 /INPUT 1 "R_VALID";
    .port_info 25 /OUTPUT 1 "R_READY";
    .port_info 26 /INPUT 1 "MC_WREQ";
    .port_info 27 /OUTPUT 1 "MC_WACK";
    .port_info 28 /OUTPUT 1 "MC_BACK";
    .port_info 29 /INPUT 32 "MC_WADDR";
    .port_info 30 /INPUT 32 "MC_WDATA";
    .port_info 31 /OUTPUT 1 "MC_WERROR";
    .port_info 32 /INPUT 1 "MC_RREQ";
    .port_info 33 /OUTPUT 1 "MC_RACK";
    .port_info 34 /INPUT 32 "MC_RADDR";
    .port_info 35 /OUTPUT 32 "MC_RDATA";
    .port_info 36 /OUTPUT 1 "MC_RERROR";
P_000001dfa9c3b4e0 .param/l "ADDR_WIDTH" 0 3 2, +C4<00000000000000000000000000100000>;
P_000001dfa9c3b518 .param/l "DATA_WIDTH" 0 3 3, +C4<00000000000000000000000000100000>;
P_000001dfa9c3b550 .param/l "STR_ADDR" 1 3 70, C4<0010>;
P_000001dfa9c3b588 .param/l "STR_DATA" 1 3 71, C4<0100>;
P_000001dfa9c3b5c0 .param/l "STR_END" 1 3 72, C4<1000>;
P_000001dfa9c3b5f8 .param/l "STR_IDLE" 1 3 69, C4<0001>;
P_000001dfa9c3b630 .param/l "STWA_ADDR" 1 3 55, C4<010>;
P_000001dfa9c3b668 .param/l "STWA_IDLE" 1 3 54, C4<001>;
P_000001dfa9c3b6a0 .param/l "STWA_WAIT" 1 3 56, C4<100>;
P_000001dfa9c3b6d8 .param/l "STW_DATA" 1 3 62, C4<0010>;
P_000001dfa9c3b710 .param/l "STW_IDLE" 1 3 61, C4<0001>;
P_000001dfa9c3b748 .param/l "STW_RESP" 1 3 64, C4<1000>;
P_000001dfa9c3b780 .param/l "STW_WAIT" 1 3 63, C4<0100>;
L_000001dfa9c6d980 .functor AND 1, v000001dfa9c67280_0, L_000001dfa9c6e780, C4<1>, C4<1>;
L_000001dfa9c6d9f0 .functor AND 1, v000001dfa9c67460_0, v000001dfa9c7c1f0_0, C4<1>, C4<1>;
v000001dfa9c7b890_0 .net "ACLK", 0 0, v000001dfaa0e8c40_0;  alias, 1 drivers
v000001dfa9c7b4d0_0 .net "ARESETn", 0 0, v000001dfaa0e8e20_0;  alias, 1 drivers
v000001dfa9c7b610_0 .var "AR_ADDR", 31 0;
v000001dfa9c7c010_0 .var "AR_BURST", 1 0;
v000001dfa9c7bbb0_0 .var "AR_LEN", 7 0;
v000001dfa9c7b7f0_0 .net "AR_READY", 0 0, L_000001dfa9c6e390;  alias, 1 drivers
v000001dfa9c7c970_0 .var "AR_SIZE", 2 0;
v000001dfa9c7b2f0_0 .var "AR_VALID", 0 0;
v000001dfa9c7c830_0 .var "AW_ADDR", 31 0;
v000001dfa9c7c330_0 .var "AW_BURST", 1 0;
v000001dfa9c7c0b0_0 .var "AW_LEN", 7 0;
v000001dfa9c7b430_0 .net "AW_READY", 0 0, L_000001dfaa0f0770;  alias, 1 drivers
v000001dfa9c7c150_0 .var "AW_SIZE", 2 0;
v000001dfa9c7c8d0_0 .var "AW_VALID", 0 0;
v000001dfa9c7c1f0_0 .var "B_READY", 0 0;
v000001dfa9c7b930_0 .net "B_RESP", 1 0, v000001dfa9c669c0_0;  alias, 1 drivers
v000001dfa9c7b6b0_0 .net "B_VALID", 0 0, v000001dfa9c67460_0;  alias, 1 drivers
v000001dfa9c7cbf0_0 .net "MC_BACK", 0 0, L_000001dfa9c6d9f0;  alias, 1 drivers
v000001dfa9c7be30_0 .var "MC_RACK", 0 0;
v000001dfa9c7ba70_0 .net "MC_RADDR", 31 0, v000001dfaa0e91e0_0;  alias, 1 drivers
v000001dfa9c7c3d0_0 .var "MC_RDATA", 31 0;
v000001dfa9c7cf10_0 .net "MC_RERROR", 0 0, L_000001dfaa0f0b30;  alias, 1 drivers
v000001dfa9c7d050_0 .net "MC_RREQ", 0 0, v000001dfaa0e86a0_0;  alias, 1 drivers
v000001dfa9c7cab0_0 .net "MC_WACK", 0 0, L_000001dfa9c6d980;  alias, 1 drivers
v000001dfa9c7bb10_0 .net "MC_WADDR", 31 0, v000001dfaa0e9960_0;  alias, 1 drivers
v000001dfa9c7c470_0 .net "MC_WDATA", 31 0, v000001dfaa0e8920_0;  alias, 1 drivers
v000001dfa9c7c510_0 .net "MC_WERROR", 0 0, L_000001dfaa0f1c10;  alias, 1 drivers
v000001dfa9c7cfb0_0 .net "MC_WREQ", 0 0, v000001dfaa0e9a00_0;  alias, 1 drivers
v000001dfa9c7cc90_0 .net "R_DATA", 31 0, v000001dfaa0e81a0_0;  alias, 1 drivers
v000001dfa9c7b9d0_0 .net "R_LAST", 0 0, v000001dfaa0e9280_0;  alias, 1 drivers
v000001dfa9c7ca10_0 .var "R_READY", 0 0;
v000001dfa9c7cb50_0 .net "R_RESP", 1 0, v000001dfaa0e8240_0;  alias, 1 drivers
v000001dfa9c7bc50_0 .net "R_VALID", 0 0, v000001dfaa0e8a60_0;  alias, 1 drivers
v000001dfa9c7d0f0_0 .var "W_DATA", 31 0;
v000001dfa9c7bcf0_0 .var "W_LAST", 0 0;
v000001dfa9c7bd90_0 .net "W_READY", 0 0, L_000001dfa9c6e780;  alias, 1 drivers
v000001dfa9c67280_0 .var "W_VALID", 0 0;
v000001dfa9c66ec0_0 .var "str_cur", 3 0;
v000001dfa9c658e0_0 .var "str_next", 3 0;
v000001dfa9c67640_0 .var "stw_cur", 3 0;
v000001dfa9c66560_0 .var "stw_next", 3 0;
v000001dfa9c66380_0 .var "stwa_cur", 2 0;
v000001dfa9c66f60_0 .var "stwa_next", 2 0;
v000001dfa9c66c40_0 .var "w_addr_over", 0 0;
E_000001dfaa07e110/0 .event negedge, v000001dfa9c7b4d0_0;
E_000001dfaa07e110/1 .event posedge, v000001dfa9c7b890_0;
E_000001dfaa07e110 .event/or E_000001dfaa07e110/0, E_000001dfaa07e110/1;
E_000001dfaa07db90 .event anyedge, v000001dfa9c66ec0_0, v000001dfa9c7d050_0, v000001dfa9c7b7f0_0, v000001dfa9c7bc50_0;
E_000001dfaa07d4d0/0 .event anyedge, v000001dfa9c67640_0, v000001dfa9c7cfb0_0, v000001dfa9c7bd90_0, v000001dfa9c66c40_0;
E_000001dfaa07d4d0/1 .event anyedge, v000001dfa9c7b6b0_0;
E_000001dfaa07d4d0 .event/or E_000001dfaa07d4d0/0, E_000001dfaa07d4d0/1;
E_000001dfaa07ded0/0 .event anyedge, v000001dfa9c66380_0, v000001dfa9c7cfb0_0, v000001dfa9c7b430_0, v000001dfa9c7b6b0_0;
E_000001dfaa07ded0/1 .event anyedge, v000001dfa9c7c1f0_0;
E_000001dfaa07ded0 .event/or E_000001dfaa07ded0/0, E_000001dfaa07ded0/1;
L_000001dfaa0f1c10 .part v000001dfa9c669c0_0, 1, 1;
L_000001dfaa0f0b30 .part v000001dfaa0e8240_0, 1, 1;
S_000001dfa9c33a80 .scope module, "AXI_SLAVE_IF0" "AXI_Lite_Slave_IF" 2 171, 4 1 0, S_000001dfa9c573f0;
 .timescale 0 0;
    .port_info 0 /INPUT 1 "ACLK";
    .port_info 1 /INPUT 1 "ARESETn";
    .port_info 2 /INPUT 1 "ASEL";
    .port_info 3 /INPUT 32 "AW_ADDR";
    .port_info 4 /INPUT 8 "AW_LEN";
    .port_info 5 /INPUT 3 "AW_SIZE";
    .port_info 6 /INPUT 2 "AW_BURST";
    .port_info 7 /INPUT 1 "AW_VALID";
    .port_info 8 /OUTPUT 1 "AW_READY";
    .port_info 9 /INPUT 32 "W_DATA";
    .port_info 10 /INPUT 1 "W_LAST";
    .port_info 11 /INPUT 1 "W_VALID";
    .port_info 12 /OUTPUT 1 "W_READY";
    .port_info 13 /OUTPUT 2 "B_RESP";
    .port_info 14 /OUTPUT 1 "B_VALID";
    .port_info 15 /INPUT 1 "B_READY";
    .port_info 16 /INPUT 32 "AR_ADDR";
    .port_info 17 /INPUT 8 "AR_LEN";
    .port_info 18 /INPUT 3 "AR_SIZE";
    .port_info 19 /INPUT 2 "AR_BURST";
    .port_info 20 /INPUT 1 "AR_VALID";
    .port_info 21 /OUTPUT 1 "AR_READY";
    .port_info 22 /OUTPUT 32 "R_DATA";
    .port_info 23 /OUTPUT 2 "R_RESP";
    .port_info 24 /OUTPUT 1 "R_LAST";
    .port_info 25 /OUTPUT 1 "R_VALID";
    .port_info 26 /INPUT 1 "R_READY";
    .port_info 27 /OUTPUT 1 "RF_WREQ";
    .port_info 28 /INPUT 1 "RF_WACK";
    .port_info 29 /OUTPUT 32 "RF_WADDR";
    .port_info 30 /OUTPUT 32 "RF_WDATA";
    .port_info 31 /INPUT 1 "RF_WERROR";
    .port_info 32 /OUTPUT 1 "RF_RREQ";
    .port_info 33 /INPUT 1 "RF_RACK";
    .port_info 34 /OUTPUT 32 "RF_RADDR";
    .port_info 35 /INPUT 32 "RF_RDATA";
    .port_info 36 /INPUT 1 "RF_RERROR";
P_000001dfa9c33c10 .param/l "ADDR_WIDTH" 0 4 2, +C4<00000000000000000000000000100000>;
P_000001dfa9c33c48 .param/l "DATA_WIDTH" 0 4 3, +C4<00000000000000000000000000100000>;
P_000001dfa9c33c80 .param/l "STR_ADDR" 1 4 69, C4<0010>;
P_000001dfa9c33cb8 .param/l "STR_DATA" 1 4 70, C4<0100>;
P_000001dfa9c33cf0 .param/l "STR_END" 1 4 71, C4<1000>;
P_000001dfa9c33d28 .param/l "STR_IDLE" 1 4 68, C4<0001>;
P_000001dfa9c33d60 .param/l "STWA_ADDR" 1 4 54, C4<010>;
P_000001dfa9c33d98 .param/l "STWA_IDLE" 1 4 53, C4<001>;
P_000001dfa9c33dd0 .param/l "STWA_WAIT" 1 4 55, C4<100>;
P_000001dfa9c33e08 .param/l "STW_DATA" 1 4 61, C4<0010>;
P_000001dfa9c33e40 .param/l "STW_IDLE" 1 4 60, C4<0001>;
P_000001dfa9c33e78 .param/l "STW_RESP" 1 4 63, C4<1000>;
P_000001dfa9c33eb0 .param/l "STW_WAIT" 1 4 62, C4<0100>;
L_000001dfa9c6e780 .functor AND 1, v000001dfaa0e8100_0, L_000001dfa9c6ea20, C4<1>, C4<1>;
L_000001dfa9c6e390 .functor AND 1, L_000001dfaa0f13f0, v000001dfa9c7b2f0_0, C4<1>, C4<1>;
v000001dfa9c667e0_0 .net "ACLK", 0 0, v000001dfaa0e8c40_0;  alias, 1 drivers
v000001dfa9c670a0_0 .net "ARESETn", 0 0, v000001dfaa0e8e20_0;  alias, 1 drivers
v000001dfa9c67500_0 .net "AR_ADDR", 31 0, v000001dfa9c7b610_0;  alias, 1 drivers
v000001dfa9c67140_0 .net "AR_BURST", 1 0, v000001dfa9c7c010_0;  alias, 1 drivers
v000001dfa9c664c0_0 .net "AR_LEN", 7 0, v000001dfa9c7bbb0_0;  alias, 1 drivers
v000001dfa9c66a60_0 .net "AR_READY", 0 0, L_000001dfa9c6e390;  alias, 1 drivers
v000001dfa9c65c00_0 .net "AR_SIZE", 2 0, v000001dfa9c7c970_0;  alias, 1 drivers
v000001dfa9c66600_0 .net "AR_VALID", 0 0, v000001dfa9c7b2f0_0;  alias, 1 drivers
v000001dfa9c666a0_0 .net "ASEL", 0 0, L_000001dfa9c6dec0;  alias, 1 drivers
v000001dfa9c66880_0 .net "AW_ADDR", 31 0, v000001dfa9c7c830_0;  alias, 1 drivers
v000001dfa9c65de0_0 .net "AW_BURST", 1 0, v000001dfa9c7c330_0;  alias, 1 drivers
v000001dfa9c65ca0_0 .net "AW_LEN", 7 0, v000001dfa9c7c0b0_0;  alias, 1 drivers
v000001dfa9c67320_0 .net "AW_READY", 0 0, L_000001dfaa0f0770;  alias, 1 drivers
v000001dfa9c65f20_0 .net "AW_SIZE", 2 0, v000001dfa9c7c150_0;  alias, 1 drivers
v000001dfa9c66b00_0 .net "AW_VALID", 0 0, v000001dfa9c7c8d0_0;  alias, 1 drivers
v000001dfa9c673c0_0 .net "B_READY", 0 0, v000001dfa9c7c1f0_0;  alias, 1 drivers
v000001dfa9c669c0_0 .var "B_RESP", 1 0;
v000001dfa9c67460_0 .var "B_VALID", 0 0;
v000001dfa9c675a0_0 .net "RF_RACK", 0 0, L_000001dfa9c6dd70;  alias, 1 drivers
v000001dfa9c65ac0_0 .var "RF_RADDR", 31 0;
v000001dfa9c66ba0_0 .net "RF_RDATA", 31 0, v000001dfaa0efca0_0;  alias, 1 drivers
v000001dfa9c65fc0_0 .net "RF_RERROR", 0 0, v000001dfaa0ef2a0_0;  alias, 1 drivers
v000001dfa9c66ce0_0 .var "RF_RREQ", 0 0;
v000001dfa9c66d80_0 .net "RF_WACK", 0 0, L_000001dfa9c6ea20;  alias, 1 drivers
v000001dfaa0e9000_0 .var "RF_WADDR", 31 0;
v000001dfaa0e9be0_0 .var "RF_WDATA", 31 0;
v000001dfaa0e8380_0 .net "RF_WERROR", 0 0, v000001dfaa0efa20_0;  alias, 1 drivers
v000001dfaa0e8100_0 .var "RF_WREQ", 0 0;
v000001dfaa0e81a0_0 .var "R_DATA", 31 0;
v000001dfaa0e9280_0 .var "R_LAST", 0 0;
v000001dfaa0e84c0_0 .net "R_READY", 0 0, v000001dfa9c7ca10_0;  alias, 1 drivers
v000001dfaa0e8240_0 .var "R_RESP", 1 0;
v000001dfaa0e8a60_0 .var "R_VALID", 0 0;
v000001dfaa0e98c0_0 .net "W_DATA", 31 0, v000001dfa9c7d0f0_0;  alias, 1 drivers
v000001dfaa0e96e0_0 .net "W_LAST", 0 0, v000001dfa9c7bcf0_0;  alias, 1 drivers
v000001dfaa0e9140_0 .net "W_READY", 0 0, L_000001dfa9c6e780;  alias, 1 drivers
v000001dfaa0e82e0_0 .net "W_VALID", 0 0, v000001dfa9c67280_0;  alias, 1 drivers
L_000001dfaa0f20e8 .functor BUFT 1, C4<010>, C4<0>, C4<0>, C4<0>;
v000001dfaa0e8ec0_0 .net/2u *"_ivl_0", 2 0, L_000001dfaa0f20e8;  1 drivers
L_000001dfaa0f21c0 .functor BUFT 1, C4<0010>, C4<0>, C4<0>, C4<0>;
v000001dfaa0e8f60_0 .net/2u *"_ivl_12", 3 0, L_000001dfaa0f21c0;  1 drivers
v000001dfaa0e93c0_0 .net *"_ivl_14", 0 0, L_000001dfaa0f13f0;  1 drivers
v000001dfaa0e9320_0 .net *"_ivl_2", 0 0, L_000001dfaa0f06d0;  1 drivers
L_000001dfaa0f2130 .functor BUFT 1, C4<1>, C4<0>, C4<0>, C4<0>;
v000001dfaa0e8ce0_0 .net/2u *"_ivl_4", 0 0, L_000001dfaa0f2130;  1 drivers
L_000001dfaa0f2178 .functor BUFT 1, C4<0>, C4<0>, C4<0>, C4<0>;
v000001dfaa0e87e0_0 .net/2u *"_ivl_6", 0 0, L_000001dfaa0f2178;  1 drivers
v000001dfaa0e8740_0 .var "str_cur", 3 0;
v000001dfaa0e9c80_0 .var "str_next", 3 0;
v000001dfaa0e95a0_0 .var "stw_cur", 3 0;
v000001dfaa0e8b00_0 .var "stw_next", 3 0;
v000001dfaa0e9500_0 .var "stwa_cur", 2 0;
v000001dfaa0e9820_0 .var "stwa_next", 2 0;
v000001dfaa0e89c0_0 .var "w_addr_over", 0 0;
E_000001dfaa07dcd0/0 .event anyedge, v000001dfaa0e8740_0, v000001dfa9c666a0_0, v000001dfa9c7b2f0_0, v000001dfa9c675a0_0;
E_000001dfaa07dcd0/1 .event anyedge, v000001dfa9c7ca10_0;
E_000001dfaa07dcd0 .event/or E_000001dfaa07dcd0/0, E_000001dfaa07dcd0/1;
E_000001dfaa07d990/0 .event anyedge, v000001dfaa0e95a0_0, v000001dfa9c666a0_0, v000001dfa9c67280_0, v000001dfa9c66d80_0;
E_000001dfaa07d990/1 .event anyedge, v000001dfaa0e89c0_0, v000001dfa9c7c1f0_0;
E_000001dfaa07d990 .event/or E_000001dfaa07d990/0, E_000001dfaa07d990/1;
E_000001dfaa07dbd0/0 .event anyedge, v000001dfaa0e9500_0, v000001dfa9c666a0_0, v000001dfa9c7c8d0_0, v000001dfa9c7c1f0_0;
E_000001dfaa07dbd0/1 .event anyedge, v000001dfa9c7b6b0_0;
E_000001dfaa07dbd0 .event/or E_000001dfaa07dbd0/0, E_000001dfaa07dbd0/1;
L_000001dfaa0f06d0 .cmp/eq 3, v000001dfaa0e9500_0, L_000001dfaa0f20e8;
L_000001dfaa0f0770 .functor MUXZ 1, L_000001dfaa0f2178, L_000001dfaa0f2130, L_000001dfaa0f06d0, C4<>;
L_000001dfaa0f13f0 .cmp/eq 4, v000001dfaa0e9c80_0, L_000001dfaa0f21c0;
S_000001dfa9d26700 .scope module, "Clock_Reset0" "Clock_Reset" 2 91, 5 3 0, S_000001dfa9c573f0;
 .timescale -9 -10;
    .port_info 0 /OUTPUT 1 "clk";
    .port_info 1 /OUTPUT 1 "rst_n";
    .port_info 2 /OUTPUT 1 "clk2";
    .port_info 3 /OUTPUT 1 "rst2_n";
P_000001dfa9bf4d50 .param/l "CLK2_PERIOD" 0 5 6, +C4<00000000000000000000000000010100>;
P_000001dfa9bf4d88 .param/l "CLK_PERIOD" 0 5 4, +C4<00000000000000000000000000001010>;
P_000001dfa9bf4dc0 .param/l "RST2_LENGTH" 0 5 7, +C4<00000000000000000000000000001010>;
P_000001dfa9bf4df8 .param/l "RST_LENGTH" 0 5 5, +C4<00000000000000000000000000000001>;
v000001dfaa0e8c40_0 .var "clk", 0 0;
v000001dfaa0e8d80_0 .var "clk2", 0 0;
v000001dfaa0e9e60_0 .var "rst2_n", 0 0;
v000001dfaa0e8e20_0 .var "rst_n", 0 0;
S_000001dfa9d26890 .scope module, "Master_Controller0" "Master_Controller" 2 102, 6 19 0, S_000001dfa9c573f0;
 .timescale -9 -10;
    .port_info 0 /INPUT 1 "clk";
    .port_info 1 /INPUT 1 "rst_n";
    .port_info 2 /OUTPUT 1 "MC_WREQ";
    .port_info 3 /INPUT 1 "MC_WACK";
    .port_info 4 /INPUT 1 "MC_BACK";
    .port_info 5 /OUTPUT 32 "MC_WADDR";
    .port_info 6 /OUTPUT 32 "MC_WDATA";
    .port_info 7 /INPUT 1 "MC_WERROR";
    .port_info 8 /OUTPUT 1 "MC_RREQ";
    .port_info 9 /INPUT 1 "MC_RACK";
    .port_info 10 /OUTPUT 32 "MC_RADDR";
    .port_info 11 /INPUT 32 "MC_RDATA";
    .port_info 12 /INPUT 1 "MC_RERROR";
P_000001dfaa078570 .param/l "ADDR_WIDTH" 0 6 20, +C4<00000000000000000000000000100000>;
P_000001dfaa0785a8 .param/l "BASEADDR" 0 6 24, C4<00100000000000000000000000000000>;
P_000001dfaa0785e0 .param/l "CLK_PERIOD" 0 6 22, +C4<00000000000000000000000000001010>;
P_000001dfaa078618 .param/l "DATA_WIDTH" 0 6 21, +C4<00000000000000000000000000100000>;
P_000001dfaa078650 .param/l "REGS_NUM" 0 6 23, +C4<00000000000000000000000100000000>;
v000001dfaa0e9d20_0 .net "MC_BACK", 0 0, L_000001dfa9c6d9f0;  alias, 1 drivers
v000001dfaa0e8560_0 .net "MC_RACK", 0 0, v000001dfa9c7be30_0;  alias, 1 drivers
v000001dfaa0e91e0_0 .var "MC_RADDR", 31 0;
v000001dfaa0e9dc0_0 .net "MC_RDATA", 31 0, v000001dfa9c7c3d0_0;  alias, 1 drivers
v000001dfaa0e8600_0 .net "MC_RERROR", 0 0, L_000001dfaa0f0b30;  alias, 1 drivers
v000001dfaa0e86a0_0 .var "MC_RREQ", 0 0;
v000001dfaa0e8880_0 .net "MC_WACK", 0 0, L_000001dfa9c6d980;  alias, 1 drivers
v000001dfaa0e9960_0 .var "MC_WADDR", 31 0;
v000001dfaa0e8920_0 .var "MC_WDATA", 31 0;
v000001dfaa0e9640_0 .net "MC_WERROR", 0 0, L_000001dfaa0f1c10;  alias, 1 drivers
v000001dfaa0e9a00_0 .var "MC_WREQ", 0 0;
v000001dfaa0e9aa0_0 .net "clk", 0 0, v000001dfaa0e8c40_0;  alias, 1 drivers
v000001dfaa0e9f00_0 .var "ret_data", 31 0;
v000001dfaa0e9b40_0 .net "rst_n", 0 0, v000001dfaa0e8e20_0;  alias, 1 drivers
S_000001dfa9d26a20 .scope task, "MC_READ" "MC_READ" 6 117, 6 117 0, S_000001dfa9d26890;
 .timescale -9 -10;
v000001dfaa0e8420_0 .var "t_addr", 31 0;
v000001dfaa0e9460_0 .var "t_data", 31 0;
E_000001dfaa07d190 .event posedge, v000001dfa9c7b890_0;
E_000001dfaa07e0d0 .event anyedge, v000001dfa9c7be30_0;
TD_testbench.Master_Controller0.MC_READ ;
    %pushi/vec4 1, 0, 1;
    %assign/vec4 v000001dfaa0e86a0_0, 0;
    %load/vec4 v000001dfaa0e8420_0;
    %assign/vec4 v000001dfaa0e91e0_0, 0;
    %delay 10, 0;
T_0.0 ;
    %load/vec4 v000001dfaa0e8560_0;
    %pad/u 32;
    %pushi/vec4 1, 0, 32;
    %cmp/e;
    %flag_get/vec4 4;
    %cmpi/ne 1, 0, 1;
    %jmp/0xz T_0.1, 6;
    %wait E_000001dfaa07e0d0;
    %jmp T_0.0;
T_0.1 ;
    %wait E_000001dfaa07d190;
    %load/vec4 v000001dfaa0e9dc0_0;
    %assign/vec4 v000001dfaa0e9460_0, 0;
    %pushi/vec4 0, 0, 1;
    %assign/vec4 v000001dfaa0e86a0_0, 0;
    %vpi_call 6 127 "$display", "MC_READ----addr: %00h; data: %00000000h", v000001dfaa0e8420_0, v000001dfaa0e9dc0_0 {0 0 0};
    %end;
S_000001dfaa0880f0 .scope task, "MC_WRITE" "MC_WRITE" 6 101, 6 101 0, S_000001dfa9d26890;
 .timescale -9 -10;
v000001dfaa0e9780_0 .var "t_addr", 31 0;
v000001dfaa0e8ba0_0 .var "t_data", 31 0;
E_000001dfaa07e090 .event anyedge, v000001dfa9c7cbf0_0;
E_000001dfaa07dd10 .event anyedge, v000001dfa9c7cab0_0;
TD_testbench.Master_Controller0.MC_WRITE ;
    %vpi_call 6 105 "$display", "MC_WRITE---addr: %00h; data: %00000000h", v000001dfaa0e9780_0, v000001dfaa0e8ba0_0 {0 0 0};
    %pushi/vec4 1, 0, 1;
    %assign/vec4 v000001dfaa0e9a00_0, 0;
    %load/vec4 v000001dfaa0e9780_0;
    %assign/vec4 v000001dfaa0e9960_0, 0;
    %load/vec4 v000001dfaa0e8ba0_0;
    %assign/vec4 v000001dfaa0e8920_0, 0;
    %delay 10, 0;
T_1.2 ;
    %load/vec4 v000001dfaa0e8880_0;
    %pad/u 32;
    %pushi/vec4 1, 0, 32;
    %cmp/e;
    %flag_get/vec4 4;
    %cmpi/ne 1, 0, 1;
    %jmp/0xz T_1.3, 6;
    %wait E_000001dfaa07dd10;
    %jmp T_1.2;
T_1.3 ;
    %wait E_000001dfaa07d190;
    %delay 10, 0;
T_1.4 ;
    %load/vec4 v000001dfaa0e9d20_0;
    %pad/u 32;
    %pushi/vec4 1, 0, 32;
    %cmp/e;
    %flag_get/vec4 4;
    %cmpi/ne 1, 0, 1;
    %jmp/0xz T_1.5, 6;
    %wait E_000001dfaa07e090;
    %jmp T_1.4;
T_1.5 ;
    %wait E_000001dfaa07d190;
    %pushi/vec4 0, 0, 1;
    %assign/vec4 v000001dfaa0e9a00_0, 0;
    %end;
S_000001dfaa088280 .scope module, "Slave_RegFile0" "Slave_RegFile" 2 221, 7 17 0, S_000001dfa9c573f0;
 .timescale -9 -10;
    .port_info 0 /INPUT 1 "clk";
    .port_info 1 /INPUT 1 "rst_n";
    .port_info 2 /INPUT 1 "RF_WREQ";
    .port_info 3 /OUTPUT 1 "RF_WACK";
    .port_info 4 /INPUT 16 "RF_WADDR";
    .port_info 5 /INPUT 32 "RF_WDATA";
    .port_info 6 /OUTPUT 1 "RF_WERROR";
    .port_info 7 /INPUT 1 "RF_RREQ";
    .port_info 8 /OUTPUT 1 "RF_RACK";
    .port_info 9 /INPUT 16 "RF_RADDR";
    .port_info 10 /OUTPUT 32 "RF_RDATA";
    .port_info 11 /OUTPUT 1 "RF_RERROR";
P_000001dfaa078b10 .param/l "ADDR_WIDTH" 0 7 18, +C4<00000000000000000000000000010000>;
P_000001dfaa078b48 .param/l "DATA_WIDTH" 0 7 19, +C4<00000000000000000000000000100000>;
P_000001dfaa078b80 .param/l "REGS_NUM" 0 7 22, +C4<00000000000000000000000100000000>;
P_000001dfaa078bb8 .param/l "R_WAIT_CYCLE" 0 7 21, +C4<00000000000000000000000000000000>;
P_000001dfaa078bf0 .param/l "W_WAIT_CYCLE" 0 7 20, +C4<00000000000000000000000000000000>;
L_000001dfa9c6ea20 .functor AND 1, v000001dfaa0e8100_0, L_000001dfaa0f0c70, C4<1>, C4<1>;
L_000001dfa9c6dd70 .functor AND 1, v000001dfa9c66ce0_0, L_000001dfaa0f15d0, C4<1>, C4<1>;
v000001dfaa0e8060 .array "DATA_REGS", 255 0, 31 0;
v000001dfaa0e90a0_0 .net "RF_RACK", 0 0, L_000001dfa9c6dd70;  alias, 1 drivers
v000001dfaa0eec60_0 .net "RF_RADDR", 15 0, L_000001dfaa0f0e50;  1 drivers
v000001dfaa0efca0_0 .var "RF_RDATA", 31 0;
v000001dfaa0ef2a0_0 .var "RF_RERROR", 0 0;
v000001dfaa0ef480_0 .net "RF_RREQ", 0 0, v000001dfa9c66ce0_0;  alias, 1 drivers
v000001dfaa0ee940_0 .net "RF_WACK", 0 0, L_000001dfa9c6ea20;  alias, 1 drivers
v000001dfaa0eed00_0 .net "RF_WADDR", 15 0, L_000001dfaa0f0d10;  1 drivers
v000001dfaa0ef020_0 .net "RF_WDATA", 31 0, v000001dfaa0e9be0_0;  alias, 1 drivers
v000001dfaa0efa20_0 .var "RF_WERROR", 0 0;
v000001dfaa0efac0_0 .net "RF_WREQ", 0 0, v000001dfaa0e8100_0;  alias, 1 drivers
v000001dfaa0ee6c0_0 .net *"_ivl_0", 31 0, L_000001dfaa0f09f0;  1 drivers
v000001dfaa0efb60_0 .net *"_ivl_10", 31 0, L_000001dfaa0f1df0;  1 drivers
L_000001dfaa0f2298 .functor BUFT 1, C4<0000000000000000000000000000>, C4<0>, C4<0>, C4<0>;
v000001dfaa0ef0c0_0 .net *"_ivl_13", 27 0, L_000001dfaa0f2298;  1 drivers
L_000001dfaa0f22e0 .functor BUFT 1, C4<00000000000000000000000000000000>, C4<0>, C4<0>, C4<0>;
v000001dfaa0ef700_0 .net/2u *"_ivl_14", 31 0, L_000001dfaa0f22e0;  1 drivers
v000001dfaa0ef3e0_0 .net *"_ivl_16", 0 0, L_000001dfaa0f15d0;  1 drivers
v000001dfaa0ef520_0 .net *"_ivl_22", 13 0, L_000001dfaa0f1e90;  1 drivers
L_000001dfaa0f2328 .functor BUFT 1, C4<00>, C4<0>, C4<0>, C4<0>;
v000001dfaa0ee3a0_0 .net *"_ivl_24", 1 0, L_000001dfaa0f2328;  1 drivers
v000001dfaa0ef160_0 .net *"_ivl_28", 13 0, L_000001dfaa0f1670;  1 drivers
L_000001dfaa0f2208 .functor BUFT 1, C4<0000000000000000000000000000>, C4<0>, C4<0>, C4<0>;
v000001dfaa0ef200_0 .net *"_ivl_3", 27 0, L_000001dfaa0f2208;  1 drivers
L_000001dfaa0f2370 .functor BUFT 1, C4<00>, C4<0>, C4<0>, C4<0>;
v000001dfaa0efc00_0 .net *"_ivl_30", 1 0, L_000001dfaa0f2370;  1 drivers
L_000001dfaa0f2250 .functor BUFT 1, C4<00000000000000000000000000000000>, C4<0>, C4<0>, C4<0>;
v000001dfaa0eeb20_0 .net/2u *"_ivl_4", 31 0, L_000001dfaa0f2250;  1 drivers
v000001dfaa0efe80_0 .net *"_ivl_6", 0 0, L_000001dfaa0f0c70;  1 drivers
v000001dfaa0eeee0_0 .net "clk", 0 0, v000001dfaa0e8c40_0;  alias, 1 drivers
v000001dfaa0ee580_0 .net "r_addr_index", 15 0, L_000001dfaa0f0950;  1 drivers
v000001dfaa0ef340_0 .var "r_wait_cnt", 3 0;
v000001dfaa0ef7a0_0 .net "rst_n", 0 0, v000001dfaa0e8e20_0;  alias, 1 drivers
v000001dfaa0efd40_0 .net "w_addr_index", 15 0, L_000001dfaa0f0810;  1 drivers
v000001dfaa0ee440_0 .var "w_wait_cnt", 3 0;
v000001dfaa0e8060_0 .array/port v000001dfaa0e8060, 0;
E_000001dfaa07d450/0 .event anyedge, v000001dfa9c7b4d0_0, v000001dfa9c675a0_0, v000001dfaa0ee580_0, v000001dfaa0e8060_0;
v000001dfaa0e8060_1 .array/port v000001dfaa0e8060, 1;
v000001dfaa0e8060_2 .array/port v000001dfaa0e8060, 2;
v000001dfaa0e8060_3 .array/port v000001dfaa0e8060, 3;
v000001dfaa0e8060_4 .array/port v000001dfaa0e8060, 4;
E_000001dfaa07d450/1 .event anyedge, v000001dfaa0e8060_1, v000001dfaa0e8060_2, v000001dfaa0e8060_3, v000001dfaa0e8060_4;
v000001dfaa0e8060_5 .array/port v000001dfaa0e8060, 5;
v000001dfaa0e8060_6 .array/port v000001dfaa0e8060, 6;
v000001dfaa0e8060_7 .array/port v000001dfaa0e8060, 7;
v000001dfaa0e8060_8 .array/port v000001dfaa0e8060, 8;
E_000001dfaa07d450/2 .event anyedge, v000001dfaa0e8060_5, v000001dfaa0e8060_6, v000001dfaa0e8060_7, v000001dfaa0e8060_8;
v000001dfaa0e8060_9 .array/port v000001dfaa0e8060, 9;
v000001dfaa0e8060_10 .array/port v000001dfaa0e8060, 10;
v000001dfaa0e8060_11 .array/port v000001dfaa0e8060, 11;
v000001dfaa0e8060_12 .array/port v000001dfaa0e8060, 12;
E_000001dfaa07d450/3 .event anyedge, v000001dfaa0e8060_9, v000001dfaa0e8060_10, v000001dfaa0e8060_11, v000001dfaa0e8060_12;
v000001dfaa0e8060_13 .array/port v000001dfaa0e8060, 13;
v000001dfaa0e8060_14 .array/port v000001dfaa0e8060, 14;
v000001dfaa0e8060_15 .array/port v000001dfaa0e8060, 15;
v000001dfaa0e8060_16 .array/port v000001dfaa0e8060, 16;
E_000001dfaa07d450/4 .event anyedge, v000001dfaa0e8060_13, v000001dfaa0e8060_14, v000001dfaa0e8060_15, v000001dfaa0e8060_16;
v000001dfaa0e8060_17 .array/port v000001dfaa0e8060, 17;
v000001dfaa0e8060_18 .array/port v000001dfaa0e8060, 18;
v000001dfaa0e8060_19 .array/port v000001dfaa0e8060, 19;
v000001dfaa0e8060_20 .array/port v000001dfaa0e8060, 20;
E_000001dfaa07d450/5 .event anyedge, v000001dfaa0e8060_17, v000001dfaa0e8060_18, v000001dfaa0e8060_19, v000001dfaa0e8060_20;
v000001dfaa0e8060_21 .array/port v000001dfaa0e8060, 21;
v000001dfaa0e8060_22 .array/port v000001dfaa0e8060, 22;
v000001dfaa0e8060_23 .array/port v000001dfaa0e8060, 23;
v000001dfaa0e8060_24 .array/port v000001dfaa0e8060, 24;
E_000001dfaa07d450/6 .event anyedge, v000001dfaa0e8060_21, v000001dfaa0e8060_22, v000001dfaa0e8060_23, v000001dfaa0e8060_24;
v000001dfaa0e8060_25 .array/port v000001dfaa0e8060, 25;
v000001dfaa0e8060_26 .array/port v000001dfaa0e8060, 26;
v000001dfaa0e8060_27 .array/port v000001dfaa0e8060, 27;
v000001dfaa0e8060_28 .array/port v000001dfaa0e8060, 28;
E_000001dfaa07d450/7 .event anyedge, v000001dfaa0e8060_25, v000001dfaa0e8060_26, v000001dfaa0e8060_27, v000001dfaa0e8060_28;
v000001dfaa0e8060_29 .array/port v000001dfaa0e8060, 29;
v000001dfaa0e8060_30 .array/port v000001dfaa0e8060, 30;
v000001dfaa0e8060_31 .array/port v000001dfaa0e8060, 31;
v000001dfaa0e8060_32 .array/port v000001dfaa0e8060, 32;
E_000001dfaa07d450/8 .event anyedge, v000001dfaa0e8060_29, v000001dfaa0e8060_30, v000001dfaa0e8060_31, v000001dfaa0e8060_32;
v000001dfaa0e8060_33 .array/port v000001dfaa0e8060, 33;
v000001dfaa0e8060_34 .array/port v000001dfaa0e8060, 34;
v000001dfaa0e8060_35 .array/port v000001dfaa0e8060, 35;
v000001dfaa0e8060_36 .array/port v000001dfaa0e8060, 36;
E_000001dfaa07d450/9 .event anyedge, v000001dfaa0e8060_33, v000001dfaa0e8060_34, v000001dfaa0e8060_35, v000001dfaa0e8060_36;
v000001dfaa0e8060_37 .array/port v000001dfaa0e8060, 37;
v000001dfaa0e8060_38 .array/port v000001dfaa0e8060, 38;
v000001dfaa0e8060_39 .array/port v000001dfaa0e8060, 39;
v000001dfaa0e8060_40 .array/port v000001dfaa0e8060, 40;
E_000001dfaa07d450/10 .event anyedge, v000001dfaa0e8060_37, v000001dfaa0e8060_38, v000001dfaa0e8060_39, v000001dfaa0e8060_40;
v000001dfaa0e8060_41 .array/port v000001dfaa0e8060, 41;
v000001dfaa0e8060_42 .array/port v000001dfaa0e8060, 42;
v000001dfaa0e8060_43 .array/port v000001dfaa0e8060, 43;
v000001dfaa0e8060_44 .array/port v000001dfaa0e8060, 44;
E_000001dfaa07d450/11 .event anyedge, v000001dfaa0e8060_41, v000001dfaa0e8060_42, v000001dfaa0e8060_43, v000001dfaa0e8060_44;
v000001dfaa0e8060_45 .array/port v000001dfaa0e8060, 45;
v000001dfaa0e8060_46 .array/port v000001dfaa0e8060, 46;
v000001dfaa0e8060_47 .array/port v000001dfaa0e8060, 47;
v000001dfaa0e8060_48 .array/port v000001dfaa0e8060, 48;
E_000001dfaa07d450/12 .event anyedge, v000001dfaa0e8060_45, v000001dfaa0e8060_46, v000001dfaa0e8060_47, v000001dfaa0e8060_48;
v000001dfaa0e8060_49 .array/port v000001dfaa0e8060, 49;
v000001dfaa0e8060_50 .array/port v000001dfaa0e8060, 50;
v000001dfaa0e8060_51 .array/port v000001dfaa0e8060, 51;
v000001dfaa0e8060_52 .array/port v000001dfaa0e8060, 52;
E_000001dfaa07d450/13 .event anyedge, v000001dfaa0e8060_49, v000001dfaa0e8060_50, v000001dfaa0e8060_51, v000001dfaa0e8060_52;
v000001dfaa0e8060_53 .array/port v000001dfaa0e8060, 53;
v000001dfaa0e8060_54 .array/port v000001dfaa0e8060, 54;
v000001dfaa0e8060_55 .array/port v000001dfaa0e8060, 55;
v000001dfaa0e8060_56 .array/port v000001dfaa0e8060, 56;
E_000001dfaa07d450/14 .event anyedge, v000001dfaa0e8060_53, v000001dfaa0e8060_54, v000001dfaa0e8060_55, v000001dfaa0e8060_56;
v000001dfaa0e8060_57 .array/port v000001dfaa0e8060, 57;
v000001dfaa0e8060_58 .array/port v000001dfaa0e8060, 58;
v000001dfaa0e8060_59 .array/port v000001dfaa0e8060, 59;
v000001dfaa0e8060_60 .array/port v000001dfaa0e8060, 60;
E_000001dfaa07d450/15 .event anyedge, v000001dfaa0e8060_57, v000001dfaa0e8060_58, v000001dfaa0e8060_59, v000001dfaa0e8060_60;
v000001dfaa0e8060_61 .array/port v000001dfaa0e8060, 61;
v000001dfaa0e8060_62 .array/port v000001dfaa0e8060, 62;
v000001dfaa0e8060_63 .array/port v000001dfaa0e8060, 63;
v000001dfaa0e8060_64 .array/port v000001dfaa0e8060, 64;
E_000001dfaa07d450/16 .event anyedge, v000001dfaa0e8060_61, v000001dfaa0e8060_62, v000001dfaa0e8060_63, v000001dfaa0e8060_64;
v000001dfaa0e8060_65 .array/port v000001dfaa0e8060, 65;
v000001dfaa0e8060_66 .array/port v000001dfaa0e8060, 66;
v000001dfaa0e8060_67 .array/port v000001dfaa0e8060, 67;
v000001dfaa0e8060_68 .array/port v000001dfaa0e8060, 68;
E_000001dfaa07d450/17 .event anyedge, v000001dfaa0e8060_65, v000001dfaa0e8060_66, v000001dfaa0e8060_67, v000001dfaa0e8060_68;
v000001dfaa0e8060_69 .array/port v000001dfaa0e8060, 69;
v000001dfaa0e8060_70 .array/port v000001dfaa0e8060, 70;
v000001dfaa0e8060_71 .array/port v000001dfaa0e8060, 71;
v000001dfaa0e8060_72 .array/port v000001dfaa0e8060, 72;
E_000001dfaa07d450/18 .event anyedge, v000001dfaa0e8060_69, v000001dfaa0e8060_70, v000001dfaa0e8060_71, v000001dfaa0e8060_72;
v000001dfaa0e8060_73 .array/port v000001dfaa0e8060, 73;
v000001dfaa0e8060_74 .array/port v000001dfaa0e8060, 74;
v000001dfaa0e8060_75 .array/port v000001dfaa0e8060, 75;
v000001dfaa0e8060_76 .array/port v000001dfaa0e8060, 76;
E_000001dfaa07d450/19 .event anyedge, v000001dfaa0e8060_73, v000001dfaa0e8060_74, v000001dfaa0e8060_75, v000001dfaa0e8060_76;
v000001dfaa0e8060_77 .array/port v000001dfaa0e8060, 77;
v000001dfaa0e8060_78 .array/port v000001dfaa0e8060, 78;
v000001dfaa0e8060_79 .array/port v000001dfaa0e8060, 79;
v000001dfaa0e8060_80 .array/port v000001dfaa0e8060, 80;
E_000001dfaa07d450/20 .event anyedge, v000001dfaa0e8060_77, v000001dfaa0e8060_78, v000001dfaa0e8060_79, v000001dfaa0e8060_80;
v000001dfaa0e8060_81 .array/port v000001dfaa0e8060, 81;
v000001dfaa0e8060_82 .array/port v000001dfaa0e8060, 82;
v000001dfaa0e8060_83 .array/port v000001dfaa0e8060, 83;
v000001dfaa0e8060_84 .array/port v000001dfaa0e8060, 84;
E_000001dfaa07d450/21 .event anyedge, v000001dfaa0e8060_81, v000001dfaa0e8060_82, v000001dfaa0e8060_83, v000001dfaa0e8060_84;
v000001dfaa0e8060_85 .array/port v000001dfaa0e8060, 85;
v000001dfaa0e8060_86 .array/port v000001dfaa0e8060, 86;
v000001dfaa0e8060_87 .array/port v000001dfaa0e8060, 87;
v000001dfaa0e8060_88 .array/port v000001dfaa0e8060, 88;
E_000001dfaa07d450/22 .event anyedge, v000001dfaa0e8060_85, v000001dfaa0e8060_86, v000001dfaa0e8060_87, v000001dfaa0e8060_88;
v000001dfaa0e8060_89 .array/port v000001dfaa0e8060, 89;
v000001dfaa0e8060_90 .array/port v000001dfaa0e8060, 90;
v000001dfaa0e8060_91 .array/port v000001dfaa0e8060, 91;
v000001dfaa0e8060_92 .array/port v000001dfaa0e8060, 92;
E_000001dfaa07d450/23 .event anyedge, v000001dfaa0e8060_89, v000001dfaa0e8060_90, v000001dfaa0e8060_91, v000001dfaa0e8060_92;
v000001dfaa0e8060_93 .array/port v000001dfaa0e8060, 93;
v000001dfaa0e8060_94 .array/port v000001dfaa0e8060, 94;
v000001dfaa0e8060_95 .array/port v000001dfaa0e8060, 95;
v000001dfaa0e8060_96 .array/port v000001dfaa0e8060, 96;
E_000001dfaa07d450/24 .event anyedge, v000001dfaa0e8060_93, v000001dfaa0e8060_94, v000001dfaa0e8060_95, v000001dfaa0e8060_96;
v000001dfaa0e8060_97 .array/port v000001dfaa0e8060, 97;
v000001dfaa0e8060_98 .array/port v000001dfaa0e8060, 98;
v000001dfaa0e8060_99 .array/port v000001dfaa0e8060, 99;
v000001dfaa0e8060_100 .array/port v000001dfaa0e8060, 100;
E_000001dfaa07d450/25 .event anyedge, v000001dfaa0e8060_97, v000001dfaa0e8060_98, v000001dfaa0e8060_99, v000001dfaa0e8060_100;
v000001dfaa0e8060_101 .array/port v000001dfaa0e8060, 101;
v000001dfaa0e8060_102 .array/port v000001dfaa0e8060, 102;
v000001dfaa0e8060_103 .array/port v000001dfaa0e8060, 103;
v000001dfaa0e8060_104 .array/port v000001dfaa0e8060, 104;
E_000001dfaa07d450/26 .event anyedge, v000001dfaa0e8060_101, v000001dfaa0e8060_102, v000001dfaa0e8060_103, v000001dfaa0e8060_104;
v000001dfaa0e8060_105 .array/port v000001dfaa0e8060, 105;
v000001dfaa0e8060_106 .array/port v000001dfaa0e8060, 106;
v000001dfaa0e8060_107 .array/port v000001dfaa0e8060, 107;
v000001dfaa0e8060_108 .array/port v000001dfaa0e8060, 108;
E_000001dfaa07d450/27 .event anyedge, v000001dfaa0e8060_105, v000001dfaa0e8060_106, v000001dfaa0e8060_107, v000001dfaa0e8060_108;
v000001dfaa0e8060_109 .array/port v000001dfaa0e8060, 109;
v000001dfaa0e8060_110 .array/port v000001dfaa0e8060, 110;
v000001dfaa0e8060_111 .array/port v000001dfaa0e8060, 111;
v000001dfaa0e8060_112 .array/port v000001dfaa0e8060, 112;
E_000001dfaa07d450/28 .event anyedge, v000001dfaa0e8060_109, v000001dfaa0e8060_110, v000001dfaa0e8060_111, v000001dfaa0e8060_112;
v000001dfaa0e8060_113 .array/port v000001dfaa0e8060, 113;
v000001dfaa0e8060_114 .array/port v000001dfaa0e8060, 114;
v000001dfaa0e8060_115 .array/port v000001dfaa0e8060, 115;
v000001dfaa0e8060_116 .array/port v000001dfaa0e8060, 116;
E_000001dfaa07d450/29 .event anyedge, v000001dfaa0e8060_113, v000001dfaa0e8060_114, v000001dfaa0e8060_115, v000001dfaa0e8060_116;
v000001dfaa0e8060_117 .array/port v000001dfaa0e8060, 117;
v000001dfaa0e8060_118 .array/port v000001dfaa0e8060, 118;
v000001dfaa0e8060_119 .array/port v000001dfaa0e8060, 119;
v000001dfaa0e8060_120 .array/port v000001dfaa0e8060, 120;
E_000001dfaa07d450/30 .event anyedge, v000001dfaa0e8060_117, v000001dfaa0e8060_118, v000001dfaa0e8060_119, v000001dfaa0e8060_120;
v000001dfaa0e8060_121 .array/port v000001dfaa0e8060, 121;
v000001dfaa0e8060_122 .array/port v000001dfaa0e8060, 122;
v000001dfaa0e8060_123 .array/port v000001dfaa0e8060, 123;
v000001dfaa0e8060_124 .array/port v000001dfaa0e8060, 124;
E_000001dfaa07d450/31 .event anyedge, v000001dfaa0e8060_121, v000001dfaa0e8060_122, v000001dfaa0e8060_123, v000001dfaa0e8060_124;
v000001dfaa0e8060_125 .array/port v000001dfaa0e8060, 125;
v000001dfaa0e8060_126 .array/port v000001dfaa0e8060, 126;
v000001dfaa0e8060_127 .array/port v000001dfaa0e8060, 127;
v000001dfaa0e8060_128 .array/port v000001dfaa0e8060, 128;
E_000001dfaa07d450/32 .event anyedge, v000001dfaa0e8060_125, v000001dfaa0e8060_126, v000001dfaa0e8060_127, v000001dfaa0e8060_128;
v000001dfaa0e8060_129 .array/port v000001dfaa0e8060, 129;
v000001dfaa0e8060_130 .array/port v000001dfaa0e8060, 130;
v000001dfaa0e8060_131 .array/port v000001dfaa0e8060, 131;
v000001dfaa0e8060_132 .array/port v000001dfaa0e8060, 132;
E_000001dfaa07d450/33 .event anyedge, v000001dfaa0e8060_129, v000001dfaa0e8060_130, v000001dfaa0e8060_131, v000001dfaa0e8060_132;
v000001dfaa0e8060_133 .array/port v000001dfaa0e8060, 133;
v000001dfaa0e8060_134 .array/port v000001dfaa0e8060, 134;
v000001dfaa0e8060_135 .array/port v000001dfaa0e8060, 135;
v000001dfaa0e8060_136 .array/port v000001dfaa0e8060, 136;
E_000001dfaa07d450/34 .event anyedge, v000001dfaa0e8060_133, v000001dfaa0e8060_134, v000001dfaa0e8060_135, v000001dfaa0e8060_136;
v000001dfaa0e8060_137 .array/port v000001dfaa0e8060, 137;
v000001dfaa0e8060_138 .array/port v000001dfaa0e8060, 138;
v000001dfaa0e8060_139 .array/port v000001dfaa0e8060, 139;
v000001dfaa0e8060_140 .array/port v000001dfaa0e8060, 140;
E_000001dfaa07d450/35 .event anyedge, v000001dfaa0e8060_137, v000001dfaa0e8060_138, v000001dfaa0e8060_139, v000001dfaa0e8060_140;
v000001dfaa0e8060_141 .array/port v000001dfaa0e8060, 141;
v000001dfaa0e8060_142 .array/port v000001dfaa0e8060, 142;
v000001dfaa0e8060_143 .array/port v000001dfaa0e8060, 143;
v000001dfaa0e8060_144 .array/port v000001dfaa0e8060, 144;
E_000001dfaa07d450/36 .event anyedge, v000001dfaa0e8060_141, v000001dfaa0e8060_142, v000001dfaa0e8060_143, v000001dfaa0e8060_144;
v000001dfaa0e8060_145 .array/port v000001dfaa0e8060, 145;
v000001dfaa0e8060_146 .array/port v000001dfaa0e8060, 146;
v000001dfaa0e8060_147 .array/port v000001dfaa0e8060, 147;
v000001dfaa0e8060_148 .array/port v000001dfaa0e8060, 148;
E_000001dfaa07d450/37 .event anyedge, v000001dfaa0e8060_145, v000001dfaa0e8060_146, v000001dfaa0e8060_147, v000001dfaa0e8060_148;
v000001dfaa0e8060_149 .array/port v000001dfaa0e8060, 149;
v000001dfaa0e8060_150 .array/port v000001dfaa0e8060, 150;
v000001dfaa0e8060_151 .array/port v000001dfaa0e8060, 151;
v000001dfaa0e8060_152 .array/port v000001dfaa0e8060, 152;
E_000001dfaa07d450/38 .event anyedge, v000001dfaa0e8060_149, v000001dfaa0e8060_150, v000001dfaa0e8060_151, v000001dfaa0e8060_152;
v000001dfaa0e8060_153 .array/port v000001dfaa0e8060, 153;
v000001dfaa0e8060_154 .array/port v000001dfaa0e8060, 154;
v000001dfaa0e8060_155 .array/port v000001dfaa0e8060, 155;
v000001dfaa0e8060_156 .array/port v000001dfaa0e8060, 156;
E_000001dfaa07d450/39 .event anyedge, v000001dfaa0e8060_153, v000001dfaa0e8060_154, v000001dfaa0e8060_155, v000001dfaa0e8060_156;
v000001dfaa0e8060_157 .array/port v000001dfaa0e8060, 157;
v000001dfaa0e8060_158 .array/port v000001dfaa0e8060, 158;
v000001dfaa0e8060_159 .array/port v000001dfaa0e8060, 159;
v000001dfaa0e8060_160 .array/port v000001dfaa0e8060, 160;
E_000001dfaa07d450/40 .event anyedge, v000001dfaa0e8060_157, v000001dfaa0e8060_158, v000001dfaa0e8060_159, v000001dfaa0e8060_160;
v000001dfaa0e8060_161 .array/port v000001dfaa0e8060, 161;
v000001dfaa0e8060_162 .array/port v000001dfaa0e8060, 162;
v000001dfaa0e8060_163 .array/port v000001dfaa0e8060, 163;
v000001dfaa0e8060_164 .array/port v000001dfaa0e8060, 164;
E_000001dfaa07d450/41 .event anyedge, v000001dfaa0e8060_161, v000001dfaa0e8060_162, v000001dfaa0e8060_163, v000001dfaa0e8060_164;
v000001dfaa0e8060_165 .array/port v000001dfaa0e8060, 165;
v000001dfaa0e8060_166 .array/port v000001dfaa0e8060, 166;
v000001dfaa0e8060_167 .array/port v000001dfaa0e8060, 167;
v000001dfaa0e8060_168 .array/port v000001dfaa0e8060, 168;
E_000001dfaa07d450/42 .event anyedge, v000001dfaa0e8060_165, v000001dfaa0e8060_166, v000001dfaa0e8060_167, v000001dfaa0e8060_168;
v000001dfaa0e8060_169 .array/port v000001dfaa0e8060, 169;
v000001dfaa0e8060_170 .array/port v000001dfaa0e8060, 170;
v000001dfaa0e8060_171 .array/port v000001dfaa0e8060, 171;
v000001dfaa0e8060_172 .array/port v000001dfaa0e8060, 172;
E_000001dfaa07d450/43 .event anyedge, v000001dfaa0e8060_169, v000001dfaa0e8060_170, v000001dfaa0e8060_171, v000001dfaa0e8060_172;
v000001dfaa0e8060_173 .array/port v000001dfaa0e8060, 173;
v000001dfaa0e8060_174 .array/port v000001dfaa0e8060, 174;
v000001dfaa0e8060_175 .array/port v000001dfaa0e8060, 175;
v000001dfaa0e8060_176 .array/port v000001dfaa0e8060, 176;
E_000001dfaa07d450/44 .event anyedge, v000001dfaa0e8060_173, v000001dfaa0e8060_174, v000001dfaa0e8060_175, v000001dfaa0e8060_176;
v000001dfaa0e8060_177 .array/port v000001dfaa0e8060, 177;
v000001dfaa0e8060_178 .array/port v000001dfaa0e8060, 178;
v000001dfaa0e8060_179 .array/port v000001dfaa0e8060, 179;
v000001dfaa0e8060_180 .array/port v000001dfaa0e8060, 180;
E_000001dfaa07d450/45 .event anyedge, v000001dfaa0e8060_177, v000001dfaa0e8060_178, v000001dfaa0e8060_179, v000001dfaa0e8060_180;
v000001dfaa0e8060_181 .array/port v000001dfaa0e8060, 181;
v000001dfaa0e8060_182 .array/port v000001dfaa0e8060, 182;
v000001dfaa0e8060_183 .array/port v000001dfaa0e8060, 183;
v000001dfaa0e8060_184 .array/port v000001dfaa0e8060, 184;
E_000001dfaa07d450/46 .event anyedge, v000001dfaa0e8060_181, v000001dfaa0e8060_182, v000001dfaa0e8060_183, v000001dfaa0e8060_184;
v000001dfaa0e8060_185 .array/port v000001dfaa0e8060, 185;
v000001dfaa0e8060_186 .array/port v000001dfaa0e8060, 186;
v000001dfaa0e8060_187 .array/port v000001dfaa0e8060, 187;
v000001dfaa0e8060_188 .array/port v000001dfaa0e8060, 188;
E_000001dfaa07d450/47 .event anyedge, v000001dfaa0e8060_185, v000001dfaa0e8060_186, v000001dfaa0e8060_187, v000001dfaa0e8060_188;
v000001dfaa0e8060_189 .array/port v000001dfaa0e8060, 189;
v000001dfaa0e8060_190 .array/port v000001dfaa0e8060, 190;
v000001dfaa0e8060_191 .array/port v000001dfaa0e8060, 191;
v000001dfaa0e8060_192 .array/port v000001dfaa0e8060, 192;
E_000001dfaa07d450/48 .event anyedge, v000001dfaa0e8060_189, v000001dfaa0e8060_190, v000001dfaa0e8060_191, v000001dfaa0e8060_192;
v000001dfaa0e8060_193 .array/port v000001dfaa0e8060, 193;
v000001dfaa0e8060_194 .array/port v000001dfaa0e8060, 194;
v000001dfaa0e8060_195 .array/port v000001dfaa0e8060, 195;
v000001dfaa0e8060_196 .array/port v000001dfaa0e8060, 196;
E_000001dfaa07d450/49 .event anyedge, v000001dfaa0e8060_193, v000001dfaa0e8060_194, v000001dfaa0e8060_195, v000001dfaa0e8060_196;
v000001dfaa0e8060_197 .array/port v000001dfaa0e8060, 197;
v000001dfaa0e8060_198 .array/port v000001dfaa0e8060, 198;
v000001dfaa0e8060_199 .array/port v000001dfaa0e8060, 199;
v000001dfaa0e8060_200 .array/port v000001dfaa0e8060, 200;
E_000001dfaa07d450/50 .event anyedge, v000001dfaa0e8060_197, v000001dfaa0e8060_198, v000001dfaa0e8060_199, v000001dfaa0e8060_200;
v000001dfaa0e8060_201 .array/port v000001dfaa0e8060, 201;
v000001dfaa0e8060_202 .array/port v000001dfaa0e8060, 202;
v000001dfaa0e8060_203 .array/port v000001dfaa0e8060, 203;
v000001dfaa0e8060_204 .array/port v000001dfaa0e8060, 204;
E_000001dfaa07d450/51 .event anyedge, v000001dfaa0e8060_201, v000001dfaa0e8060_202, v000001dfaa0e8060_203, v000001dfaa0e8060_204;
v000001dfaa0e8060_205 .array/port v000001dfaa0e8060, 205;
v000001dfaa0e8060_206 .array/port v000001dfaa0e8060, 206;
v000001dfaa0e8060_207 .array/port v000001dfaa0e8060, 207;
v000001dfaa0e8060_208 .array/port v000001dfaa0e8060, 208;
E_000001dfaa07d450/52 .event anyedge, v000001dfaa0e8060_205, v000001dfaa0e8060_206, v000001dfaa0e8060_207, v000001dfaa0e8060_208;
v000001dfaa0e8060_209 .array/port v000001dfaa0e8060, 209;
v000001dfaa0e8060_210 .array/port v000001dfaa0e8060, 210;
v000001dfaa0e8060_211 .array/port v000001dfaa0e8060, 211;
v000001dfaa0e8060_212 .array/port v000001dfaa0e8060, 212;
E_000001dfaa07d450/53 .event anyedge, v000001dfaa0e8060_209, v000001dfaa0e8060_210, v000001dfaa0e8060_211, v000001dfaa0e8060_212;
v000001dfaa0e8060_213 .array/port v000001dfaa0e8060, 213;
v000001dfaa0e8060_214 .array/port v000001dfaa0e8060, 214;
v000001dfaa0e8060_215 .array/port v000001dfaa0e8060, 215;
v000001dfaa0e8060_216 .array/port v000001dfaa0e8060, 216;
E_000001dfaa07d450/54 .event anyedge, v000001dfaa0e8060_213, v000001dfaa0e8060_214, v000001dfaa0e8060_215, v000001dfaa0e8060_216;
v000001dfaa0e8060_217 .array/port v000001dfaa0e8060, 217;
v000001dfaa0e8060_218 .array/port v000001dfaa0e8060, 218;
v000001dfaa0e8060_219 .array/port v000001dfaa0e8060, 219;
v000001dfaa0e8060_220 .array/port v000001dfaa0e8060, 220;
E_000001dfaa07d450/55 .event anyedge, v000001dfaa0e8060_217, v000001dfaa0e8060_218, v000001dfaa0e8060_219, v000001dfaa0e8060_220;
v000001dfaa0e8060_221 .array/port v000001dfaa0e8060, 221;
v000001dfaa0e8060_222 .array/port v000001dfaa0e8060, 222;
v000001dfaa0e8060_223 .array/port v000001dfaa0e8060, 223;
v000001dfaa0e8060_224 .array/port v000001dfaa0e8060, 224;
E_000001dfaa07d450/56 .event anyedge, v000001dfaa0e8060_221, v000001dfaa0e8060_222, v000001dfaa0e8060_223, v000001dfaa0e8060_224;
v000001dfaa0e8060_225 .array/port v000001dfaa0e8060, 225;
v000001dfaa0e8060_226 .array/port v000001dfaa0e8060, 226;
v000001dfaa0e8060_227 .array/port v000001dfaa0e8060, 227;
v000001dfaa0e8060_228 .array/port v000001dfaa0e8060, 228;
E_000001dfaa07d450/57 .event anyedge, v000001dfaa0e8060_225, v000001dfaa0e8060_226, v000001dfaa0e8060_227, v000001dfaa0e8060_228;
v000001dfaa0e8060_229 .array/port v000001dfaa0e8060, 229;
v000001dfaa0e8060_230 .array/port v000001dfaa0e8060, 230;
v000001dfaa0e8060_231 .array/port v000001dfaa0e8060, 231;
v000001dfaa0e8060_232 .array/port v000001dfaa0e8060, 232;
E_000001dfaa07d450/58 .event anyedge, v000001dfaa0e8060_229, v000001dfaa0e8060_230, v000001dfaa0e8060_231, v000001dfaa0e8060_232;
v000001dfaa0e8060_233 .array/port v000001dfaa0e8060, 233;
v000001dfaa0e8060_234 .array/port v000001dfaa0e8060, 234;
v000001dfaa0e8060_235 .array/port v000001dfaa0e8060, 235;
v000001dfaa0e8060_236 .array/port v000001dfaa0e8060, 236;
E_000001dfaa07d450/59 .event anyedge, v000001dfaa0e8060_233, v000001dfaa0e8060_234, v000001dfaa0e8060_235, v000001dfaa0e8060_236;
v000001dfaa0e8060_237 .array/port v000001dfaa0e8060, 237;
v000001dfaa0e8060_238 .array/port v000001dfaa0e8060, 238;
v000001dfaa0e8060_239 .array/port v000001dfaa0e8060, 239;
v000001dfaa0e8060_240 .array/port v000001dfaa0e8060, 240;
E_000001dfaa07d450/60 .event anyedge, v000001dfaa0e8060_237, v000001dfaa0e8060_238, v000001dfaa0e8060_239, v000001dfaa0e8060_240;
v000001dfaa0e8060_241 .array/port v000001dfaa0e8060, 241;
v000001dfaa0e8060_242 .array/port v000001dfaa0e8060, 242;
v000001dfaa0e8060_243 .array/port v000001dfaa0e8060, 243;
v000001dfaa0e8060_244 .array/port v000001dfaa0e8060, 244;
E_000001dfaa07d450/61 .event anyedge, v000001dfaa0e8060_241, v000001dfaa0e8060_242, v000001dfaa0e8060_243, v000001dfaa0e8060_244;
v000001dfaa0e8060_245 .array/port v000001dfaa0e8060, 245;
v000001dfaa0e8060_246 .array/port v000001dfaa0e8060, 246;
v000001dfaa0e8060_247 .array/port v000001dfaa0e8060, 247;
v000001dfaa0e8060_248 .array/port v000001dfaa0e8060, 248;
E_000001dfaa07d450/62 .event anyedge, v000001dfaa0e8060_245, v000001dfaa0e8060_246, v000001dfaa0e8060_247, v000001dfaa0e8060_248;
v000001dfaa0e8060_249 .array/port v000001dfaa0e8060, 249;
v000001dfaa0e8060_250 .array/port v000001dfaa0e8060, 250;
v000001dfaa0e8060_251 .array/port v000001dfaa0e8060, 251;
v000001dfaa0e8060_252 .array/port v000001dfaa0e8060, 252;
E_000001dfaa07d450/63 .event anyedge, v000001dfaa0e8060_249, v000001dfaa0e8060_250, v000001dfaa0e8060_251, v000001dfaa0e8060_252;
v000001dfaa0e8060_253 .array/port v000001dfaa0e8060, 253;
v000001dfaa0e8060_254 .array/port v000001dfaa0e8060, 254;
v000001dfaa0e8060_255 .array/port v000001dfaa0e8060, 255;
E_000001dfaa07d450/64 .event anyedge, v000001dfaa0e8060_253, v000001dfaa0e8060_254, v000001dfaa0e8060_255;
E_000001dfaa07d450 .event/or E_000001dfaa07d450/0, E_000001dfaa07d450/1, E_000001dfaa07d450/2, E_000001dfaa07d450/3, E_000001dfaa07d450/4, E_000001dfaa07d450/5, E_000001dfaa07d450/6, E_000001dfaa07d450/7, E_000001dfaa07d450/8, E_000001dfaa07d450/9, E_000001dfaa07d450/10, E_000001dfaa07d450/11, E_000001dfaa07d450/12, E_000001dfaa07d450/13, E_000001dfaa07d450/14, E_000001dfaa07d450/15, E_000001dfaa07d450/16, E_000001dfaa07d450/17, E_000001dfaa07d450/18, E_000001dfaa07d450/19, E_000001dfaa07d450/20, E_000001dfaa07d450/21, E_000001dfaa07d450/22, E_000001dfaa07d450/23, E_000001dfaa07d450/24, E_000001dfaa07d450/25, E_000001dfaa07d450/26, E_000001dfaa07d450/27, E_000001dfaa07d450/28, E_000001dfaa07d450/29, E_000001dfaa07d450/30, E_000001dfaa07d450/31, E_000001dfaa07d450/32, E_000001dfaa07d450/33, E_000001dfaa07d450/34, E_000001dfaa07d450/35, E_000001dfaa07d450/36, E_000001dfaa07d450/37, E_000001dfaa07d450/38, E_000001dfaa07d450/39, E_000001dfaa07d450/40, E_000001dfaa07d450/41, E_000001dfaa07d450/42, E_000001dfaa07d450/43, E_000001dfaa07d450/44, E_000001dfaa07d450/45, E_000001dfaa07d450/46, E_000001dfaa07d450/47, E_000001dfaa07d450/48, E_000001dfaa07d450/49, E_000001dfaa07d450/50, E_000001dfaa07d450/51, E_000001dfaa07d450/52, E_000001dfaa07d450/53, E_000001dfaa07d450/54, E_000001dfaa07d450/55, E_000001dfaa07d450/56, E_000001dfaa07d450/57, E_000001dfaa07d450/58, E_000001dfaa07d450/59, E_000001dfaa07d450/60, E_000001dfaa07d450/61, E_000001dfaa07d450/62, E_000001dfaa07d450/63, E_000001dfaa07d450/64;
L_000001dfaa0f09f0 .concat [ 4 28 0 0], v000001dfaa0ee440_0, L_000001dfaa0f2208;
L_000001dfaa0f0c70 .cmp/eq 32, L_000001dfaa0f09f0, L_000001dfaa0f2250;
L_000001dfaa0f1df0 .concat [ 4 28 0 0], v000001dfaa0ef340_0, L_000001dfaa0f2298;
L_000001dfaa0f15d0 .cmp/eq 32, L_000001dfaa0f1df0, L_000001dfaa0f22e0;
L_000001dfaa0f1e90 .part L_000001dfaa0f0d10, 2, 14;
L_000001dfaa0f0810 .concat [ 14 2 0 0], L_000001dfaa0f1e90, L_000001dfaa0f2328;
L_000001dfaa0f1670 .part L_000001dfaa0f0e50, 2, 14;
L_000001dfaa0f0950 .concat [ 14 2 0 0], L_000001dfaa0f1670, L_000001dfaa0f2370;
    .scope S_000001dfa9d26700;
T_2 ;
    %pushi/vec4 1, 0, 1;
    %store/vec4 v000001dfaa0e8c40_0, 0, 1;
T_2.0 ;
    %delay 50, 0;
    %load/vec4 v000001dfaa0e8c40_0;
    %inv;
    %store/vec4 v000001dfaa0e8c40_0, 0, 1;
    %jmp T_2.0;
    %end;
    .thread T_2;
    .scope S_000001dfa9d26700;
T_3 ;
    %delay 10, 0;
    %pushi/vec4 0, 0, 1;
    %store/vec4 v000001dfaa0e8e20_0, 0, 1;
    %delay 100, 0;
    %pushi/vec4 1, 0, 1;
    %store/vec4 v000001dfaa0e8e20_0, 0, 1;
    %end;
    .thread T_3;
    .scope S_000001dfa9d26700;
T_4 ;
    %pushi/vec4 1, 0, 1;
    %store/vec4 v000001dfaa0e8d80_0, 0, 1;
T_4.0 ;
    %delay 100, 0;
    %load/vec4 v000001dfaa0e8d80_0;
    %inv;
    %store/vec4 v000001dfaa0e8d80_0, 0, 1;
    %jmp T_4.0;
    %end;
    .thread T_4;
    .scope S_000001dfa9d26700;
T_5 ;
    %delay 10, 0;
    %pushi/vec4 0, 0, 1;
    %store/vec4 v000001dfaa0e9e60_0, 0, 1;
    %delay 2000, 0;
    %pushi/vec4 1, 0, 1;
    %store/vec4 v000001dfaa0e9e60_0, 0, 1;
    %end;
    .thread T_5;
    .scope S_000001dfa9d26890;
T_6 ;
    %pushi/vec4 0, 0, 1;
    %store/vec4 v000001dfaa0e9a00_0, 0, 1;
    %pushi/vec4 4, 0, 32;
    %store/vec4 v000001dfaa0e9960_0, 0, 32;
    %pushi/vec4 0, 0, 32;
    %store/vec4 v000001dfaa0e8920_0, 0, 32;
    %pushi/vec4 2, 0, 32;
T_6.0 %dup/vec4;
    %pushi/vec4 0, 0, 32;
    %cmp/s;
    %jmp/1xz T_6.1, 5;
    %jmp/1 T_6.1, 4;
    %pushi/vec4 1, 0, 32;
    %sub;
    %wait E_000001dfaa07d190;
    %jmp T_6.0;
T_6.1 ;
    %pop/vec4 1;
    %pushi/vec4 536870912, 0, 32;
    %store/vec4 v000001dfaa0e9780_0, 0, 32;
    %pushi/vec4 2774162085, 0, 32;
    %store/vec4 v000001dfaa0e8ba0_0, 0, 32;
    %fork TD_testbench.Master_Controller0.MC_WRITE, S_000001dfaa0880f0;
    %join;
    %pushi/vec4 2, 0, 32;
T_6.2 %dup/vec4;
    %pushi/vec4 0, 0, 32;
    %cmp/s;
    %jmp/1xz T_6.3, 5;
    %jmp/1 T_6.3, 4;
    %pushi/vec4 1, 0, 32;
    %sub;
    %wait E_000001dfaa07d190;
    %jmp T_6.2;
T_6.3 ;
    %pop/vec4 1;
    %pushi/vec4 536870916, 0, 32;
    %store/vec4 v000001dfaa0e9780_0, 0, 32;
    %pushi/vec4 286331153, 0, 32;
    %store/vec4 v000001dfaa0e8ba0_0, 0, 32;
    %fork TD_testbench.Master_Controller0.MC_WRITE, S_000001dfaa0880f0;
    %join;
    %pushi/vec4 2, 0, 32;
T_6.4 %dup/vec4;
    %pushi/vec4 0, 0, 32;
    %cmp/s;
    %jmp/1xz T_6.5, 5;
    %jmp/1 T_6.5, 4;
    %pushi/vec4 1, 0, 32;
    %sub;
    %wait E_000001dfaa07d190;
    %jmp T_6.4;
T_6.5 ;
    %pop/vec4 1;
    %pushi/vec4 536870920, 0, 32;
    %store/vec4 v000001dfaa0e9780_0, 0, 32;
    %pushi/vec4 572662306, 0, 32;
    %store/vec4 v000001dfaa0e8ba0_0, 0, 32;
    %fork TD_testbench.Master_Controller0.MC_WRITE, S_000001dfaa0880f0;
    %join;
    %pushi/vec4 2, 0, 32;
T_6.6 %dup/vec4;
    %pushi/vec4 0, 0, 32;
    %cmp/s;
    %jmp/1xz T_6.7, 5;
    %jmp/1 T_6.7, 4;
    %pushi/vec4 1, 0, 32;
    %sub;
    %wait E_000001dfaa07d190;
    %jmp T_6.6;
T_6.7 ;
    %pop/vec4 1;
    %pushi/vec4 536870924, 0, 32;
    %store/vec4 v000001dfaa0e9780_0, 0, 32;
    %pushi/vec4 858993459, 0, 32;
    %store/vec4 v000001dfaa0e8ba0_0, 0, 32;
    %fork TD_testbench.Master_Controller0.MC_WRITE, S_000001dfaa0880f0;
    %join;
    %pushi/vec4 2, 0, 32;
T_6.8 %dup/vec4;
    %pushi/vec4 0, 0, 32;
    %cmp/s;
    %jmp/1xz T_6.9, 5;
    %jmp/1 T_6.9, 4;
    %pushi/vec4 1, 0, 32;
    %sub;
    %wait E_000001dfaa07d190;
    %jmp T_6.8;
T_6.9 ;
    %pop/vec4 1;
    %pushi/vec4 536870928, 0, 32;
    %store/vec4 v000001dfaa0e9780_0, 0, 32;
    %pushi/vec4 1145324612, 0, 32;
    %store/vec4 v000001dfaa0e8ba0_0, 0, 32;
    %fork TD_testbench.Master_Controller0.MC_WRITE, S_000001dfaa0880f0;
    %join;
    %pushi/vec4 2, 0, 32;
T_6.10 %dup/vec4;
    %pushi/vec4 0, 0, 32;
    %cmp/s;
    %jmp/1xz T_6.11, 5;
    %jmp/1 T_6.11, 4;
    %pushi/vec4 1, 0, 32;
    %sub;
    %wait E_000001dfaa07d190;
    %jmp T_6.10;
T_6.11 ;
    %pop/vec4 1;
    %pushi/vec4 536870932, 0, 32;
    %store/vec4 v000001dfaa0e9780_0, 0, 32;
    %pushi/vec4 1431655765, 0, 32;
    %store/vec4 v000001dfaa0e8ba0_0, 0, 32;
    %fork TD_testbench.Master_Controller0.MC_WRITE, S_000001dfaa0880f0;
    %join;
    %pushi/vec4 2, 0, 32;
T_6.12 %dup/vec4;
    %pushi/vec4 0, 0, 32;
    %cmp/s;
    %jmp/1xz T_6.13, 5;
    %jmp/1 T_6.13, 4;
    %pushi/vec4 1, 0, 32;
    %sub;
    %wait E_000001dfaa07d190;
    %jmp T_6.12;
T_6.13 ;
    %pop/vec4 1;
    %pushi/vec4 536870936, 0, 32;
    %store/vec4 v000001dfaa0e9780_0, 0, 32;
    %pushi/vec4 1717986918, 0, 32;
    %store/vec4 v000001dfaa0e8ba0_0, 0, 32;
    %fork TD_testbench.Master_Controller0.MC_WRITE, S_000001dfaa0880f0;
    %join;
    %pushi/vec4 2, 0, 32;
T_6.14 %dup/vec4;
    %pushi/vec4 0, 0, 32;
    %cmp/s;
    %jmp/1xz T_6.15, 5;
    %jmp/1 T_6.15, 4;
    %pushi/vec4 1, 0, 32;
    %sub;
    %wait E_000001dfaa07d190;
    %jmp T_6.14;
T_6.15 ;
    %pop/vec4 1;
    %pushi/vec4 536870940, 0, 32;
    %store/vec4 v000001dfaa0e9780_0, 0, 32;
    %pushi/vec4 2004318071, 0, 32;
    %store/vec4 v000001dfaa0e8ba0_0, 0, 32;
    %fork TD_testbench.Master_Controller0.MC_WRITE, S_000001dfaa0880f0;
    %join;
    %pushi/vec4 2, 0, 32;
T_6.16 %dup/vec4;
    %pushi/vec4 0, 0, 32;
    %cmp/s;
    %jmp/1xz T_6.17, 5;
    %jmp/1 T_6.17, 4;
    %pushi/vec4 1, 0, 32;
    %sub;
    %wait E_000001dfaa07d190;
    %jmp T_6.16;
T_6.17 ;
    %pop/vec4 1;
    %pushi/vec4 536870944, 0, 32;
    %store/vec4 v000001dfaa0e9780_0, 0, 32;
    %pushi/vec4 2290649224, 0, 32;
    %store/vec4 v000001dfaa0e8ba0_0, 0, 32;
    %fork TD_testbench.Master_Controller0.MC_WRITE, S_000001dfaa0880f0;
    %join;
    %pushi/vec4 2, 0, 32;
T_6.18 %dup/vec4;
    %pushi/vec4 0, 0, 32;
    %cmp/s;
    %jmp/1xz T_6.19, 5;
    %jmp/1 T_6.19, 4;
    %pushi/vec4 1, 0, 32;
    %sub;
    %wait E_000001dfaa07d190;
    %jmp T_6.18;
T_6.19 ;
    %pop/vec4 1;
    %pushi/vec4 536870948, 0, 32;
    %store/vec4 v000001dfaa0e9780_0, 0, 32;
    %pushi/vec4 2576980377, 0, 32;
    %store/vec4 v000001dfaa0e8ba0_0, 0, 32;
    %fork TD_testbench.Master_Controller0.MC_WRITE, S_000001dfaa0880f0;
    %join;
    %pushi/vec4 2, 0, 32;
T_6.20 %dup/vec4;
    %pushi/vec4 0, 0, 32;
    %cmp/s;
    %jmp/1xz T_6.21, 5;
    %jmp/1 T_6.21, 4;
    %pushi/vec4 1, 0, 32;
    %sub;
    %wait E_000001dfaa07d190;
    %jmp T_6.20;
T_6.21 ;
    %pop/vec4 1;
    %pushi/vec4 536870952, 0, 32;
    %store/vec4 v000001dfaa0e9780_0, 0, 32;
    %pushi/vec4 2863311530, 0, 32;
    %store/vec4 v000001dfaa0e8ba0_0, 0, 32;
    %fork TD_testbench.Master_Controller0.MC_WRITE, S_000001dfaa0880f0;
    %join;
    %pushi/vec4 2, 0, 32;
T_6.22 %dup/vec4;
    %pushi/vec4 0, 0, 32;
    %cmp/s;
    %jmp/1xz T_6.23, 5;
    %jmp/1 T_6.23, 4;
    %pushi/vec4 1, 0, 32;
    %sub;
    %wait E_000001dfaa07d190;
    %jmp T_6.22;
T_6.23 ;
    %pop/vec4 1;
    %pushi/vec4 536870956, 0, 32;
    %store/vec4 v000001dfaa0e9780_0, 0, 32;
    %pushi/vec4 3149642683, 0, 32;
    %store/vec4 v000001dfaa0e8ba0_0, 0, 32;
    %fork TD_testbench.Master_Controller0.MC_WRITE, S_000001dfaa0880f0;
    %join;
    %pushi/vec4 2, 0, 32;
T_6.24 %dup/vec4;
    %pushi/vec4 0, 0, 32;
    %cmp/s;
    %jmp/1xz T_6.25, 5;
    %jmp/1 T_6.25, 4;
    %pushi/vec4 1, 0, 32;
    %sub;
    %wait E_000001dfaa07d190;
    %jmp T_6.24;
T_6.25 ;
    %pop/vec4 1;
    %pushi/vec4 536870960, 0, 32;
    %store/vec4 v000001dfaa0e9780_0, 0, 32;
    %pushi/vec4 3435973836, 0, 32;
    %store/vec4 v000001dfaa0e8ba0_0, 0, 32;
    %fork TD_testbench.Master_Controller0.MC_WRITE, S_000001dfaa0880f0;
    %join;
    %pushi/vec4 2, 0, 32;
T_6.26 %dup/vec4;
    %pushi/vec4 0, 0, 32;
    %cmp/s;
    %jmp/1xz T_6.27, 5;
    %jmp/1 T_6.27, 4;
    %pushi/vec4 1, 0, 32;
    %sub;
    %wait E_000001dfaa07d190;
    %jmp T_6.26;
T_6.27 ;
    %pop/vec4 1;
    %pushi/vec4 536870964, 0, 32;
    %store/vec4 v000001dfaa0e9780_0, 0, 32;
    %pushi/vec4 3722304989, 0, 32;
    %store/vec4 v000001dfaa0e8ba0_0, 0, 32;
    %fork TD_testbench.Master_Controller0.MC_WRITE, S_000001dfaa0880f0;
    %join;
    %pushi/vec4 2, 0, 32;
T_6.28 %dup/vec4;
    %pushi/vec4 0, 0, 32;
    %cmp/s;
    %jmp/1xz T_6.29, 5;
    %jmp/1 T_6.29, 4;
    %pushi/vec4 1, 0, 32;
    %sub;
    %wait E_000001dfaa07d190;
    %jmp T_6.28;
T_6.29 ;
    %pop/vec4 1;
    %pushi/vec4 536870968, 0, 32;
    %store/vec4 v000001dfaa0e9780_0, 0, 32;
    %pushi/vec4 4008636142, 0, 32;
    %store/vec4 v000001dfaa0e8ba0_0, 0, 32;
    %fork TD_testbench.Master_Controller0.MC_WRITE, S_000001dfaa0880f0;
    %join;
    %pushi/vec4 2, 0, 32;
T_6.30 %dup/vec4;
    %pushi/vec4 0, 0, 32;
    %cmp/s;
    %jmp/1xz T_6.31, 5;
    %jmp/1 T_6.31, 4;
    %pushi/vec4 1, 0, 32;
    %sub;
    %wait E_000001dfaa07d190;
    %jmp T_6.30;
T_6.31 ;
    %pop/vec4 1;
    %pushi/vec4 536870972, 0, 32;
    %store/vec4 v000001dfaa0e9780_0, 0, 32;
    %pushi/vec4 4294967295, 0, 32;
    %store/vec4 v000001dfaa0e8ba0_0, 0, 32;
    %fork TD_testbench.Master_Controller0.MC_WRITE, S_000001dfaa0880f0;
    %join;
    %pushi/vec4 2, 0, 32;
T_6.32 %dup/vec4;
    %pushi/vec4 0, 0, 32;
    %cmp/s;
    %jmp/1xz T_6.33, 5;
    %jmp/1 T_6.33, 4;
    %pushi/vec4 1, 0, 32;
    %sub;
    %wait E_000001dfaa07d190;
    %jmp T_6.32;
T_6.33 ;
    %pop/vec4 1;
    %end;
    .thread T_6;
    .scope S_000001dfa9d26890;
T_7 ;
    %pushi/vec4 0, 0, 1;
    %store/vec4 v000001dfaa0e86a0_0, 0, 1;
    %pushi/vec4 4, 0, 32;
    %store/vec4 v000001dfaa0e91e0_0, 0, 32;
    %pushi/vec4 300, 0, 32;
T_7.0 %dup/vec4;
    %pushi/vec4 0, 0, 32;
    %cmp/s;
    %jmp/1xz T_7.1, 5;
    %jmp/1 T_7.1, 4;
    %pushi/vec4 1, 0, 32;
    %sub;
    %wait E_000001dfaa07d190;
    %jmp T_7.0;
T_7.1 ;
    %pop/vec4 1;
    %pushi/vec4 536870912, 0, 32;
    %store/vec4 v000001dfaa0e8420_0, 0, 32;
    %fork TD_testbench.Master_Controller0.MC_READ, S_000001dfa9d26a20;
    %join;
    %load/vec4 v000001dfaa0e9460_0;
    %store/vec4 v000001dfaa0e9f00_0, 0, 32;
    %pushi/vec4 2, 0, 32;
T_7.2 %dup/vec4;
    %pushi/vec4 0, 0, 32;
    %cmp/s;
    %jmp/1xz T_7.3, 5;
    %jmp/1 T_7.3, 4;
    %pushi/vec4 1, 0, 32;
    %sub;
    %wait E_000001dfaa07d190;
    %jmp T_7.2;
T_7.3 ;
    %pop/vec4 1;
    %pushi/vec4 536870916, 0, 32;
    %store/vec4 v000001dfaa0e8420_0, 0, 32;
    %fork TD_testbench.Master_Controller0.MC_READ, S_000001dfa9d26a20;
    %join;
    %load/vec4 v000001dfaa0e9460_0;
    %store/vec4 v000001dfaa0e9f00_0, 0, 32;
    %pushi/vec4 2, 0, 32;
T_7.4 %dup/vec4;
    %pushi/vec4 0, 0, 32;
    %cmp/s;
    %jmp/1xz T_7.5, 5;
    %jmp/1 T_7.5, 4;
    %pushi/vec4 1, 0, 32;
    %sub;
    %wait E_000001dfaa07d190;
    %jmp T_7.4;
T_7.5 ;
    %pop/vec4 1;
    %pushi/vec4 536870920, 0, 32;
    %store/vec4 v000001dfaa0e8420_0, 0, 32;
    %fork TD_testbench.Master_Controller0.MC_READ, S_000001dfa9d26a20;
    %join;
    %load/vec4 v000001dfaa0e9460_0;
    %store/vec4 v000001dfaa0e9f00_0, 0, 32;
    %pushi/vec4 2, 0, 32;
T_7.6 %dup/vec4;
    %pushi/vec4 0, 0, 32;
    %cmp/s;
    %jmp/1xz T_7.7, 5;
    %jmp/1 T_7.7, 4;
    %pushi/vec4 1, 0, 32;
    %sub;
    %wait E_000001dfaa07d190;
    %jmp T_7.6;
T_7.7 ;
    %pop/vec4 1;
    %pushi/vec4 536870924, 0, 32;
    %store/vec4 v000001dfaa0e8420_0, 0, 32;
    %fork TD_testbench.Master_Controller0.MC_READ, S_000001dfa9d26a20;
    %join;
    %load/vec4 v000001dfaa0e9460_0;
    %store/vec4 v000001dfaa0e9f00_0, 0, 32;
    %pushi/vec4 2, 0, 32;
T_7.8 %dup/vec4;
    %pushi/vec4 0, 0, 32;
    %cmp/s;
    %jmp/1xz T_7.9, 5;
    %jmp/1 T_7.9, 4;
    %pushi/vec4 1, 0, 32;
    %sub;
    %wait E_000001dfaa07d190;
    %jmp T_7.8;
T_7.9 ;
    %pop/vec4 1;
    %pushi/vec4 536870928, 0, 32;
    %store/vec4 v000001dfaa0e8420_0, 0, 32;
    %fork TD_testbench.Master_Controller0.MC_READ, S_000001dfa9d26a20;
    %join;
    %load/vec4 v000001dfaa0e9460_0;
    %store/vec4 v000001dfaa0e9f00_0, 0, 32;
    %pushi/vec4 2, 0, 32;
T_7.10 %dup/vec4;
    %pushi/vec4 0, 0, 32;
    %cmp/s;
    %jmp/1xz T_7.11, 5;
    %jmp/1 T_7.11, 4;
    %pushi/vec4 1, 0, 32;
    %sub;
    %wait E_000001dfaa07d190;
    %jmp T_7.10;
T_7.11 ;
    %pop/vec4 1;
    %pushi/vec4 536870932, 0, 32;
    %store/vec4 v000001dfaa0e8420_0, 0, 32;
    %fork TD_testbench.Master_Controller0.MC_READ, S_000001dfa9d26a20;
    %join;
    %load/vec4 v000001dfaa0e9460_0;
    %store/vec4 v000001dfaa0e9f00_0, 0, 32;
    %pushi/vec4 2, 0, 32;
T_7.12 %dup/vec4;
    %pushi/vec4 0, 0, 32;
    %cmp/s;
    %jmp/1xz T_7.13, 5;
    %jmp/1 T_7.13, 4;
    %pushi/vec4 1, 0, 32;
    %sub;
    %wait E_000001dfaa07d190;
    %jmp T_7.12;
T_7.13 ;
    %pop/vec4 1;
    %pushi/vec4 536870936, 0, 32;
    %store/vec4 v000001dfaa0e8420_0, 0, 32;
    %fork TD_testbench.Master_Controller0.MC_READ, S_000001dfa9d26a20;
    %join;
    %load/vec4 v000001dfaa0e9460_0;
    %store/vec4 v000001dfaa0e9f00_0, 0, 32;
    %pushi/vec4 2, 0, 32;
T_7.14 %dup/vec4;
    %pushi/vec4 0, 0, 32;
    %cmp/s;
    %jmp/1xz T_7.15, 5;
    %jmp/1 T_7.15, 4;
    %pushi/vec4 1, 0, 32;
    %sub;
    %wait E_000001dfaa07d190;
    %jmp T_7.14;
T_7.15 ;
    %pop/vec4 1;
    %pushi/vec4 536870940, 0, 32;
    %store/vec4 v000001dfaa0e8420_0, 0, 32;
    %fork TD_testbench.Master_Controller0.MC_READ, S_000001dfa9d26a20;
    %join;
    %load/vec4 v000001dfaa0e9460_0;
    %store/vec4 v000001dfaa0e9f00_0, 0, 32;
    %pushi/vec4 2, 0, 32;
T_7.16 %dup/vec4;
    %pushi/vec4 0, 0, 32;
    %cmp/s;
    %jmp/1xz T_7.17, 5;
    %jmp/1 T_7.17, 4;
    %pushi/vec4 1, 0, 32;
    %sub;
    %wait E_000001dfaa07d190;
    %jmp T_7.16;
T_7.17 ;
    %pop/vec4 1;
    %pushi/vec4 536870944, 0, 32;
    %store/vec4 v000001dfaa0e8420_0, 0, 32;
    %fork TD_testbench.Master_Controller0.MC_READ, S_000001dfa9d26a20;
    %join;
    %load/vec4 v000001dfaa0e9460_0;
    %store/vec4 v000001dfaa0e9f00_0, 0, 32;
    %pushi/vec4 2, 0, 32;
T_7.18 %dup/vec4;
    %pushi/vec4 0, 0, 32;
    %cmp/s;
    %jmp/1xz T_7.19, 5;
    %jmp/1 T_7.19, 4;
    %pushi/vec4 1, 0, 32;
    %sub;
    %wait E_000001dfaa07d190;
    %jmp T_7.18;
T_7.19 ;
    %pop/vec4 1;
    %pushi/vec4 536870948, 0, 32;
    %store/vec4 v000001dfaa0e8420_0, 0, 32;
    %fork TD_testbench.Master_Controller0.MC_READ, S_000001dfa9d26a20;
    %join;
    %load/vec4 v000001dfaa0e9460_0;
    %store/vec4 v000001dfaa0e9f00_0, 0, 32;
    %pushi/vec4 2, 0, 32;
T_7.20 %dup/vec4;
    %pushi/vec4 0, 0, 32;
    %cmp/s;
    %jmp/1xz T_7.21, 5;
    %jmp/1 T_7.21, 4;
    %pushi/vec4 1, 0, 32;
    %sub;
    %wait E_000001dfaa07d190;
    %jmp T_7.20;
T_7.21 ;
    %pop/vec4 1;
    %pushi/vec4 536870952, 0, 32;
    %store/vec4 v000001dfaa0e8420_0, 0, 32;
    %fork TD_testbench.Master_Controller0.MC_READ, S_000001dfa9d26a20;
    %join;
    %load/vec4 v000001dfaa0e9460_0;
    %store/vec4 v000001dfaa0e9f00_0, 0, 32;
    %pushi/vec4 2, 0, 32;
T_7.22 %dup/vec4;
    %pushi/vec4 0, 0, 32;
    %cmp/s;
    %jmp/1xz T_7.23, 5;
    %jmp/1 T_7.23, 4;
    %pushi/vec4 1, 0, 32;
    %sub;
    %wait E_000001dfaa07d190;
    %jmp T_7.22;
T_7.23 ;
    %pop/vec4 1;
    %pushi/vec4 536870956, 0, 32;
    %store/vec4 v000001dfaa0e8420_0, 0, 32;
    %fork TD_testbench.Master_Controller0.MC_READ, S_000001dfa9d26a20;
    %join;
    %load/vec4 v000001dfaa0e9460_0;
    %store/vec4 v000001dfaa0e9f00_0, 0, 32;
    %pushi/vec4 2, 0, 32;
T_7.24 %dup/vec4;
    %pushi/vec4 0, 0, 32;
    %cmp/s;
    %jmp/1xz T_7.25, 5;
    %jmp/1 T_7.25, 4;
    %pushi/vec4 1, 0, 32;
    %sub;
    %wait E_000001dfaa07d190;
    %jmp T_7.24;
T_7.25 ;
    %pop/vec4 1;
    %pushi/vec4 536870960, 0, 32;
    %store/vec4 v000001dfaa0e8420_0, 0, 32;
    %fork TD_testbench.Master_Controller0.MC_READ, S_000001dfa9d26a20;
    %join;
    %load/vec4 v000001dfaa0e9460_0;
    %store/vec4 v000001dfaa0e9f00_0, 0, 32;
    %pushi/vec4 2, 0, 32;
T_7.26 %dup/vec4;
    %pushi/vec4 0, 0, 32;
    %cmp/s;
    %jmp/1xz T_7.27, 5;
    %jmp/1 T_7.27, 4;
    %pushi/vec4 1, 0, 32;
    %sub;
    %wait E_000001dfaa07d190;
    %jmp T_7.26;
T_7.27 ;
    %pop/vec4 1;
    %pushi/vec4 536870964, 0, 32;
    %store/vec4 v000001dfaa0e8420_0, 0, 32;
    %fork TD_testbench.Master_Controller0.MC_READ, S_000001dfa9d26a20;
    %join;
    %load/vec4 v000001dfaa0e9460_0;
    %store/vec4 v000001dfaa0e9f00_0, 0, 32;
    %pushi/vec4 2, 0, 32;
T_7.28 %dup/vec4;
    %pushi/vec4 0, 0, 32;
    %cmp/s;
    %jmp/1xz T_7.29, 5;
    %jmp/1 T_7.29, 4;
    %pushi/vec4 1, 0, 32;
    %sub;
    %wait E_000001dfaa07d190;
    %jmp T_7.28;
T_7.29 ;
    %pop/vec4 1;
    %pushi/vec4 536870968, 0, 32;
    %store/vec4 v000001dfaa0e8420_0, 0, 32;
    %fork TD_testbench.Master_Controller0.MC_READ, S_000001dfa9d26a20;
    %join;
    %load/vec4 v000001dfaa0e9460_0;
    %store/vec4 v000001dfaa0e9f00_0, 0, 32;
    %pushi/vec4 2, 0, 32;
T_7.30 %dup/vec4;
    %pushi/vec4 0, 0, 32;
    %cmp/s;
    %jmp/1xz T_7.31, 5;
    %jmp/1 T_7.31, 4;
    %pushi/vec4 1, 0, 32;
    %sub;
    %wait E_000001dfaa07d190;
    %jmp T_7.30;
T_7.31 ;
    %pop/vec4 1;
    %pushi/vec4 536870972, 0, 32;
    %store/vec4 v000001dfaa0e8420_0, 0, 32;
    %fork TD_testbench.Master_Controller0.MC_READ, S_000001dfa9d26a20;
    %join;
    %load/vec4 v000001dfaa0e9460_0;
    %store/vec4 v000001dfaa0e9f00_0, 0, 32;
    %pushi/vec4 2, 0, 32;
T_7.32 %dup/vec4;
    %pushi/vec4 0, 0, 32;
    %cmp/s;
    %jmp/1xz T_7.33, 5;
    %jmp/1 T_7.33, 4;
    %pushi/vec4 1, 0, 32;
    %sub;
    %wait E_000001dfaa07d190;
    %jmp T_7.32;
T_7.33 ;
    %pop/vec4 1;
    %pushi/vec4 10, 0, 32;
T_7.34 %dup/vec4;
    %pushi/vec4 0, 0, 32;
    %cmp/s;
    %jmp/1xz T_7.35, 5;
    %jmp/1 T_7.35, 4;
    %pushi/vec4 1, 0, 32;
    %sub;
    %wait E_000001dfaa07d190;
    %jmp T_7.34;
T_7.35 ;
    %pop/vec4 1;
    %vpi_call 6 95 "$finish" {0 0 0};
    %end;
    .thread T_7;
    .scope S_000001dfa9c3b350;
T_8 ;
    %wait E_000001dfaa07e110;
    %load/vec4 v000001dfa9c7b4d0_0;
    %nor/r;
    %flag_set/vec4 8;
    %jmp/0xz  T_8.0, 8;
    %pushi/vec4 1, 0, 3;
    %assign/vec4 v000001dfa9c66380_0, 0;
    %jmp T_8.1;
T_8.0 ;
    %load/vec4 v000001dfa9c66f60_0;
    %assign/vec4 v000001dfa9c66380_0, 0;
T_8.1 ;
    %jmp T_8;
    .thread T_8;
    .scope S_000001dfa9c3b350;
T_9 ;
    %wait E_000001dfaa07ded0;
    %load/vec4 v000001dfa9c66380_0;
    %store/vec4 v000001dfa9c66f60_0, 0, 3;
    %load/vec4 v000001dfa9c66380_0;
    %dup/vec4;
    %pushi/vec4 1, 0, 3;
    %cmp/u;
    %jmp/1 T_9.0, 6;
    %dup/vec4;
    %pushi/vec4 2, 0, 3;
    %cmp/u;
    %jmp/1 T_9.1, 6;
    %dup/vec4;
    %pushi/vec4 4, 0, 3;
    %cmp/u;
    %jmp/1 T_9.2, 6;
    %pushi/vec4 1, 0, 3;
    %store/vec4 v000001dfa9c66f60_0, 0, 3;
    %jmp T_9.4;
T_9.0 ;
    %load/vec4 v000001dfa9c7cfb0_0;
    %flag_set/vec4 8;
    %jmp/0xz  T_9.5, 8;
    %pushi/vec4 2, 0, 3;
    %store/vec4 v000001dfa9c66f60_0, 0, 3;
T_9.5 ;
    %jmp T_9.4;
T_9.1 ;
    %load/vec4 v000001dfa9c7b430_0;
    %flag_set/vec4 8;
    %jmp/0xz  T_9.7, 8;
    %pushi/vec4 4, 0, 3;
    %store/vec4 v000001dfa9c66f60_0, 0, 3;
T_9.7 ;
    %jmp T_9.4;
T_9.2 ;
    %load/vec4 v000001dfa9c7b6b0_0;
    %load/vec4 v000001dfa9c7c1f0_0;
    %and;
    %flag_set/vec4 8;
    %jmp/0xz  T_9.9, 8;
    %pushi/vec4 1, 0, 3;
    %store/vec4 v000001dfa9c66f60_0, 0, 3;
T_9.9 ;
    %jmp T_9.4;
T_9.4 ;
    %pop/vec4 1;
    %jmp T_9;
    .thread T_9, $push;
    .scope S_000001dfa9c3b350;
T_10 ;
    %wait E_000001dfaa07e110;
    %load/vec4 v000001dfa9c7b4d0_0;
    %nor/r;
    %flag_set/vec4 8;
    %jmp/0xz  T_10.0, 8;
    %pushi/vec4 2, 0, 3;
    %assign/vec4 v000001dfa9c7c150_0, 0;
    %pushi/vec4 1, 0, 2;
    %assign/vec4 v000001dfa9c7c330_0, 0;
    %pushi/vec4 0, 0, 8;
    %assign/vec4 v000001dfa9c7c0b0_0, 0;
    %pushi/vec4 4, 0, 32;
    %assign/vec4 v000001dfa9c7c830_0, 0;
    %pushi/vec4 0, 0, 1;
    %assign/vec4 v000001dfa9c7c8d0_0, 0;
    %jmp T_10.1;
T_10.0 ;
    %load/vec4 v000001dfa9c66f60_0;
    %dup/vec4;
    %pushi/vec4 1, 0, 3;
    %cmp/u;
    %jmp/1 T_10.2, 6;
    %dup/vec4;
    %pushi/vec4 2, 0, 3;
    %cmp/u;
    %jmp/1 T_10.3, 6;
    %dup/vec4;
    %pushi/vec4 4, 0, 3;
    %cmp/u;
    %jmp/1 T_10.4, 6;
    %jmp T_10.5;
T_10.2 ;
    %pushi/vec4 0, 0, 1;
    %assign/vec4 v000001dfa9c7c8d0_0, 0;
    %jmp T_10.5;
T_10.3 ;
    %load/vec4 v000001dfa9c7bb10_0;
    %assign/vec4 v000001dfa9c7c830_0, 0;
    %pushi/vec4 1, 0, 1;
    %assign/vec4 v000001dfa9c7c8d0_0, 0;
    %jmp T_10.5;
T_10.4 ;
    %pushi/vec4 0, 0, 1;
    %assign/vec4 v000001dfa9c7c8d0_0, 0;
    %jmp T_10.5;
T_10.5 ;
    %pop/vec4 1;
T_10.1 ;
    %jmp T_10;
    .thread T_10;
    .scope S_000001dfa9c3b350;
T_11 ;
    %wait E_000001dfaa07e110;
    %load/vec4 v000001dfa9c7b4d0_0;
    %nor/r;
    %flag_set/vec4 8;
    %jmp/0xz  T_11.0, 8;
    %pushi/vec4 0, 0, 1;
    %assign/vec4 v000001dfa9c66c40_0, 0;
    %jmp T_11.1;
T_11.0 ;
    %load/vec4 v000001dfa9c66f60_0;
    %dup/vec4;
    %pushi/vec4 1, 0, 3;
    %cmp/u;
    %jmp/1 T_11.2, 6;
    %dup/vec4;
    %pushi/vec4 2, 0, 3;
    %cmp/u;
    %jmp/1 T_11.3, 6;
    %jmp T_11.4;
T_11.2 ;
    %pushi/vec4 0, 0, 1;
    %assign/vec4 v000001dfa9c66c40_0, 0;
    %jmp T_11.4;
T_11.3 ;
    %pushi/vec4 1, 0, 1;
    %assign/vec4 v000001dfa9c66c40_0, 0;
    %jmp T_11.4;
T_11.4 ;
    %pop/vec4 1;
T_11.1 ;
    %jmp T_11;
    .thread T_11;
    .scope S_000001dfa9c3b350;
T_12 ;
    %wait E_000001dfaa07e110;
    %load/vec4 v000001dfa9c7b4d0_0;
    %nor/r;
    %flag_set/vec4 8;
    %jmp/0xz  T_12.0, 8;
    %pushi/vec4 1, 0, 4;
    %assign/vec4 v000001dfa9c67640_0, 0;
    %jmp T_12.1;
T_12.0 ;
    %load/vec4 v000001dfa9c66560_0;
    %assign/vec4 v000001dfa9c67640_0, 0;
T_12.1 ;
    %jmp T_12;
    .thread T_12;
    .scope S_000001dfa9c3b350;
T_13 ;
    %wait E_000001dfaa07d4d0;
    %load/vec4 v000001dfa9c67640_0;
    %store/vec4 v000001dfa9c66560_0, 0, 4;
    %load/vec4 v000001dfa9c67640_0;
    %dup/vec4;
    %pushi/vec4 1, 0, 4;
    %cmp/u;
    %jmp/1 T_13.0, 6;
    %dup/vec4;
    %pushi/vec4 2, 0, 4;
    %cmp/u;
    %jmp/1 T_13.1, 6;
    %dup/vec4;
    %pushi/vec4 4, 0, 4;
    %cmp/u;
    %jmp/1 T_13.2, 6;
    %dup/vec4;
    %pushi/vec4 8, 0, 4;
    %cmp/u;
    %jmp/1 T_13.3, 6;
    %pushi/vec4 1, 0, 4;
    %store/vec4 v000001dfa9c66560_0, 0, 4;
    %jmp T_13.5;
T_13.0 ;
    %load/vec4 v000001dfa9c7cfb0_0;
    %flag_set/vec4 8;
    %jmp/0xz  T_13.6, 8;
    %pushi/vec4 2, 0, 4;
    %store/vec4 v000001dfa9c66560_0, 0, 4;
T_13.6 ;
    %jmp T_13.5;
T_13.1 ;
    %load/vec4 v000001dfa9c7bd90_0;
    %flag_set/vec4 8;
    %jmp/0xz  T_13.8, 8;
    %pushi/vec4 4, 0, 4;
    %store/vec4 v000001dfa9c66560_0, 0, 4;
T_13.8 ;
    %jmp T_13.5;
T_13.2 ;
    %load/vec4 v000001dfa9c66c40_0;
    %flag_set/vec4 8;
    %jmp/0xz  T_13.10, 8;
    %pushi/vec4 8, 0, 4;
    %store/vec4 v000001dfa9c66560_0, 0, 4;
T_13.10 ;
    %jmp T_13.5;
T_13.3 ;
    %load/vec4 v000001dfa9c7b6b0_0;
    %flag_set/vec4 8;
    %jmp/0xz  T_13.12, 8;
    %pushi/vec4 1, 0, 4;
    %store/vec4 v000001dfa9c66560_0, 0, 4;
T_13.12 ;
    %jmp T_13.5;
T_13.5 ;
    %pop/vec4 1;
    %jmp T_13;
    .thread T_13, $push;
    .scope S_000001dfa9c3b350;
T_14 ;
    %wait E_000001dfaa07e110;
    %load/vec4 v000001dfa9c7b4d0_0;
    %nor/r;
    %flag_set/vec4 8;
    %jmp/0xz  T_14.0, 8;
    %pushi/vec4 0, 0, 32;
    %assign/vec4 v000001dfa9c7d0f0_0, 0;
    %pushi/vec4 1, 0, 1;
    %assign/vec4 v000001dfa9c7bcf0_0, 0;
    %pushi/vec4 0, 0, 1;
    %assign/vec4 v000001dfa9c67280_0, 0;
    %pushi/vec4 0, 0, 1;
    %assign/vec4 v000001dfa9c7c1f0_0, 0;
    %jmp T_14.1;
T_14.0 ;
    %load/vec4 v000001dfa9c66560_0;
    %dup/vec4;
    %pushi/vec4 1, 0, 4;
    %cmp/u;
    %jmp/1 T_14.2, 6;
    %dup/vec4;
    %pushi/vec4 2, 0, 4;
    %cmp/u;
    %jmp/1 T_14.3, 6;
    %dup/vec4;
    %pushi/vec4 4, 0, 4;
    %cmp/u;
    %jmp/1 T_14.4, 6;
    %dup/vec4;
    %pushi/vec4 8, 0, 4;
    %cmp/u;
    %jmp/1 T_14.5, 6;
    %jmp T_14.6;
T_14.2 ;
    %pushi/vec4 0, 0, 1;
    %assign/vec4 v000001dfa9c67280_0, 0;
    %pushi/vec4 0, 0, 1;
    %assign/vec4 v000001dfa9c7c1f0_0, 0;
    %jmp T_14.6;
T_14.3 ;
    %load/vec4 v000001dfa9c7c470_0;
    %assign/vec4 v000001dfa9c7d0f0_0, 0;
    %pushi/vec4 1, 0, 1;
    %assign/vec4 v000001dfa9c67280_0, 0;
    %pushi/vec4 0, 0, 1;
    %assign/vec4 v000001dfa9c7c1f0_0, 0;
    %jmp T_14.6;
T_14.4 ;
    %pushi/vec4 0, 0, 1;
    %assign/vec4 v000001dfa9c67280_0, 0;
    %pushi/vec4 0, 0, 1;
    %assign/vec4 v000001dfa9c7c1f0_0, 0;
    %jmp T_14.6;
T_14.5 ;
    %pushi/vec4 0, 0, 1;
    %assign/vec4 v000001dfa9c67280_0, 0;
    %pushi/vec4 1, 0, 1;
    %assign/vec4 v000001dfa9c7c1f0_0, 0;
    %jmp T_14.6;
T_14.6 ;
    %pop/vec4 1;
T_14.1 ;
    %jmp T_14;
    .thread T_14;
    .scope S_000001dfa9c3b350;
T_15 ;
    %wait E_000001dfaa07e110;
    %load/vec4 v000001dfa9c7b4d0_0;
    %nor/r;
    %flag_set/vec4 8;
    %jmp/0xz  T_15.0, 8;
    %pushi/vec4 1, 0, 4;
    %assign/vec4 v000001dfa9c66ec0_0, 0;
    %jmp T_15.1;
T_15.0 ;
    %load/vec4 v000001dfa9c658e0_0;
    %assign/vec4 v000001dfa9c66ec0_0, 0;
T_15.1 ;
    %jmp T_15;
    .thread T_15;
    .scope S_000001dfa9c3b350;
T_16 ;
    %wait E_000001dfaa07db90;
    %load/vec4 v000001dfa9c66ec0_0;
    %store/vec4 v000001dfa9c658e0_0, 0, 4;
    %load/vec4 v000001dfa9c66ec0_0;
    %dup/vec4;
    %pushi/vec4 1, 0, 4;
    %cmp/u;
    %jmp/1 T_16.0, 6;
    %dup/vec4;
    %pushi/vec4 2, 0, 4;
    %cmp/u;
    %jmp/1 T_16.1, 6;
    %dup/vec4;
    %pushi/vec4 4, 0, 4;
    %cmp/u;
    %jmp/1 T_16.2, 6;
    %dup/vec4;
    %pushi/vec4 8, 0, 4;
    %cmp/u;
    %jmp/1 T_16.3, 6;
    %pushi/vec4 1, 0, 4;
    %store/vec4 v000001dfa9c658e0_0, 0, 4;
    %jmp T_16.5;
T_16.0 ;
    %load/vec4 v000001dfa9c7d050_0;
    %flag_set/vec4 8;
    %jmp/0xz  T_16.6, 8;
    %pushi/vec4 2, 0, 4;
    %store/vec4 v000001dfa9c658e0_0, 0, 4;
T_16.6 ;
    %jmp T_16.5;
T_16.1 ;
    %load/vec4 v000001dfa9c7b7f0_0;
    %flag_set/vec4 8;
    %jmp/0xz  T_16.8, 8;
    %pushi/vec4 4, 0, 4;
    %store/vec4 v000001dfa9c658e0_0, 0, 4;
T_16.8 ;
    %jmp T_16.5;
T_16.2 ;
    %load/vec4 v000001dfa9c7bc50_0;
    %flag_set/vec4 8;
    %jmp/0xz  T_16.10, 8;
    %pushi/vec4 8, 0, 4;
    %store/vec4 v000001dfa9c658e0_0, 0, 4;
T_16.10 ;
    %jmp T_16.5;
T_16.3 ;
    %pushi/vec4 1, 0, 4;
    %store/vec4 v000001dfa9c658e0_0, 0, 4;
    %jmp T_16.5;
T_16.5 ;
    %pop/vec4 1;
    %jmp T_16;
    .thread T_16, $push;
    .scope S_000001dfa9c3b350;
T_17 ;
    %wait E_000001dfaa07e110;
    %load/vec4 v000001dfa9c7b4d0_0;
    %nor/r;
    %flag_set/vec4 8;
    %jmp/0xz  T_17.0, 8;
    %pushi/vec4 2, 0, 3;
    %assign/vec4 v000001dfa9c7c970_0, 0;
    %pushi/vec4 1, 0, 2;
    %assign/vec4 v000001dfa9c7c010_0, 0;
    %pushi/vec4 0, 0, 8;
    %assign/vec4 v000001dfa9c7bbb0_0, 0;
    %pushi/vec4 4, 0, 32;
    %assign/vec4 v000001dfa9c7b610_0, 0;
    %pushi/vec4 0, 0, 1;
    %assign/vec4 v000001dfa9c7b2f0_0, 0;
    %pushi/vec4 0, 0, 1;
    %assign/vec4 v000001dfa9c7ca10_0, 0;
    %jmp T_17.1;
T_17.0 ;
    %load/vec4 v000001dfa9c658e0_0;
    %dup/vec4;
    %pushi/vec4 1, 0, 4;
    %cmp/u;
    %jmp/1 T_17.2, 6;
    %dup/vec4;
    %pushi/vec4 2, 0, 4;
    %cmp/u;
    %jmp/1 T_17.3, 6;
    %dup/vec4;
    %pushi/vec4 4, 0, 4;
    %cmp/u;
    %jmp/1 T_17.4, 6;
    %dup/vec4;
    %pushi/vec4 8, 0, 4;
    %cmp/u;
    %jmp/1 T_17.5, 6;
    %jmp T_17.6;
T_17.2 ;
    %pushi/vec4 0, 0, 1;
    %assign/vec4 v000001dfa9c7b2f0_0, 0;
    %pushi/vec4 0, 0, 1;
    %assign/vec4 v000001dfa9c7ca10_0, 0;
    %jmp T_17.6;
T_17.3 ;
    %load/vec4 v000001dfa9c7ba70_0;
    %assign/vec4 v000001dfa9c7b610_0, 0;
    %pushi/vec4 1, 0, 1;
    %assign/vec4 v000001dfa9c7b2f0_0, 0;
    %pushi/vec4 0, 0, 1;
    %assign/vec4 v000001dfa9c7ca10_0, 0;
    %jmp T_17.6;
T_17.4 ;
    %pushi/vec4 0, 0, 1;
    %assign/vec4 v000001dfa9c7b2f0_0, 0;
    %pushi/vec4 1, 0, 1;
    %assign/vec4 v000001dfa9c7ca10_0, 0;
    %jmp T_17.6;
T_17.5 ;
    %pushi/vec4 0, 0, 1;
    %assign/vec4 v000001dfa9c7b2f0_0, 0;
    %pushi/vec4 0, 0, 1;
    %assign/vec4 v000001dfa9c7ca10_0, 0;
    %jmp T_17.6;
T_17.6 ;
    %pop/vec4 1;
T_17.1 ;
    %jmp T_17;
    .thread T_17;
    .scope S_000001dfa9c3b350;
T_18 ;
    %wait E_000001dfaa07e110;
    %load/vec4 v000001dfa9c7b4d0_0;
    %nor/r;
    %flag_set/vec4 8;
    %jmp/0xz  T_18.0, 8;
    %pushi/vec4 0, 0, 32;
    %assign/vec4 v000001dfa9c7c3d0_0, 0;
    %pushi/vec4 0, 0, 1;
    %assign/vec4 v000001dfa9c7be30_0, 0;
    %jmp T_18.1;
T_18.0 ;
    %load/vec4 v000001dfa9c658e0_0;
    %dup/vec4;
    %pushi/vec4 1, 0, 4;
    %cmp/u;
    %jmp/1 T_18.2, 6;
    %dup/vec4;
    %pushi/vec4 8, 0, 4;
    %cmp/u;
    %jmp/1 T_18.3, 6;
    %jmp T_18.4;
T_18.2 ;
    %pushi/vec4 0, 0, 1;
    %assign/vec4 v000001dfa9c7be30_0, 0;
    %jmp T_18.4;
T_18.3 ;
    %load/vec4 v000001dfa9c7cc90_0;
    %assign/vec4 v000001dfa9c7c3d0_0, 0;
    %load/vec4 v000001dfa9c7bc50_0;
    %load/vec4 v000001dfa9c7ca10_0;
    %and;
    %assign/vec4 v000001dfa9c7be30_0, 0;
    %jmp T_18.4;
T_18.4 ;
    %pop/vec4 1;
T_18.1 ;
    %jmp T_18;
    .thread T_18;
    .scope S_000001dfa9c33a80;
T_19 ;
    %wait E_000001dfaa07e110;
    %load/vec4 v000001dfa9c670a0_0;
    %nor/r;
    %flag_set/vec4 8;
    %jmp/0xz  T_19.0, 8;
    %pushi/vec4 1, 0, 3;
    %assign/vec4 v000001dfaa0e9500_0, 0;
    %jmp T_19.1;
T_19.0 ;
    %load/vec4 v000001dfaa0e9820_0;
    %assign/vec4 v000001dfaa0e9500_0, 0;
T_19.1 ;
    %jmp T_19;
    .thread T_19;
    .scope S_000001dfa9c33a80;
T_20 ;
    %wait E_000001dfaa07dbd0;
    %load/vec4 v000001dfaa0e9500_0;
    %store/vec4 v000001dfaa0e9820_0, 0, 3;
    %load/vec4 v000001dfaa0e9500_0;
    %dup/vec4;
    %pushi/vec4 1, 0, 3;
    %cmp/u;
    %jmp/1 T_20.0, 6;
    %dup/vec4;
    %pushi/vec4 2, 0, 3;
    %cmp/u;
    %jmp/1 T_20.1, 6;
    %dup/vec4;
    %pushi/vec4 4, 0, 3;
    %cmp/u;
    %jmp/1 T_20.2, 6;
    %pushi/vec4 1, 0, 3;
    %store/vec4 v000001dfaa0e9820_0, 0, 3;
    %jmp T_20.4;
T_20.0 ;
    %load/vec4 v000001dfa9c666a0_0;
    %load/vec4 v000001dfa9c66b00_0;
    %and;
    %flag_set/vec4 8;
    %jmp/0xz  T_20.5, 8;
    %pushi/vec4 2, 0, 3;
    %store/vec4 v000001dfaa0e9820_0, 0, 3;
T_20.5 ;
    %jmp T_20.4;
T_20.1 ;
    %pushi/vec4 4, 0, 3;
    %store/vec4 v000001dfaa0e9820_0, 0, 3;
    %jmp T_20.4;
T_20.2 ;
    %load/vec4 v000001dfa9c673c0_0;
    %load/vec4 v000001dfa9c67460_0;
    %and;
    %flag_set/vec4 8;
    %jmp/0xz  T_20.7, 8;
    %pushi/vec4 1, 0, 3;
    %store/vec4 v000001dfaa0e9820_0, 0, 3;
T_20.7 ;
    %jmp T_20.4;
T_20.4 ;
    %pop/vec4 1;
    %jmp T_20;
    .thread T_20, $push;
    .scope S_000001dfa9c33a80;
T_21 ;
    %wait E_000001dfaa07e110;
    %load/vec4 v000001dfa9c670a0_0;
    %nor/r;
    %flag_set/vec4 8;
    %jmp/0xz  T_21.0, 8;
    %pushi/vec4 0, 0, 1;
    %assign/vec4 v000001dfaa0e89c0_0, 0;
    %jmp T_21.1;
T_21.0 ;
    %load/vec4 v000001dfaa0e9820_0;
    %dup/vec4;
    %pushi/vec4 1, 0, 3;
    %cmp/u;
    %jmp/1 T_21.2, 6;
    %dup/vec4;
    %pushi/vec4 2, 0, 3;
    %cmp/u;
    %jmp/1 T_21.3, 6;
    %jmp T_21.4;
T_21.2 ;
    %pushi/vec4 0, 0, 1;
    %assign/vec4 v000001dfaa0e89c0_0, 0;
    %jmp T_21.4;
T_21.3 ;
    %pushi/vec4 1, 0, 1;
    %assign/vec4 v000001dfaa0e89c0_0, 0;
    %jmp T_21.4;
T_21.4 ;
    %pop/vec4 1;
T_21.1 ;
    %jmp T_21;
    .thread T_21;
    .scope S_000001dfa9c33a80;
T_22 ;
    %wait E_000001dfaa07e110;
    %load/vec4 v000001dfa9c670a0_0;
    %nor/r;
    %flag_set/vec4 8;
    %jmp/0xz  T_22.0, 8;
    %pushi/vec4 4, 0, 32;
    %assign/vec4 v000001dfaa0e9000_0, 0;
    %jmp T_22.1;
T_22.0 ;
    %load/vec4 v000001dfaa0e9820_0;
    %cmpi/e 2, 0, 3;
    %jmp/0xz  T_22.2, 4;
    %load/vec4 v000001dfa9c66880_0;
    %assign/vec4 v000001dfaa0e9000_0, 0;
T_22.2 ;
T_22.1 ;
    %jmp T_22;
    .thread T_22;
    .scope S_000001dfa9c33a80;
T_23 ;
    %wait E_000001dfaa07e110;
    %load/vec4 v000001dfa9c670a0_0;
    %nor/r;
    %flag_set/vec4 8;
    %jmp/0xz  T_23.0, 8;
    %pushi/vec4 1, 0, 4;
    %assign/vec4 v000001dfaa0e95a0_0, 0;
    %jmp T_23.1;
T_23.0 ;
    %load/vec4 v000001dfaa0e8b00_0;
    %assign/vec4 v000001dfaa0e95a0_0, 0;
T_23.1 ;
    %jmp T_23;
    .thread T_23;
    .scope S_000001dfa9c33a80;
T_24 ;
    %wait E_000001dfaa07d990;
    %load/vec4 v000001dfaa0e95a0_0;
    %store/vec4 v000001dfaa0e8b00_0, 0, 4;
    %load/vec4 v000001dfaa0e95a0_0;
    %dup/vec4;
    %pushi/vec4 1, 0, 4;
    %cmp/u;
    %jmp/1 T_24.0, 6;
    %dup/vec4;
    %pushi/vec4 2, 0, 4;
    %cmp/u;
    %jmp/1 T_24.1, 6;
    %dup/vec4;
    %pushi/vec4 4, 0, 4;
    %cmp/u;
    %jmp/1 T_24.2, 6;
    %dup/vec4;
    %pushi/vec4 8, 0, 4;
    %cmp/u;
    %jmp/1 T_24.3, 6;
    %pushi/vec4 1, 0, 4;
    %store/vec4 v000001dfaa0e8b00_0, 0, 4;
    %jmp T_24.5;
T_24.0 ;
    %load/vec4 v000001dfa9c666a0_0;
    %load/vec4 v000001dfaa0e82e0_0;
    %and;
    %flag_set/vec4 8;
    %jmp/0xz  T_24.6, 8;
    %pushi/vec4 2, 0, 4;
    %store/vec4 v000001dfaa0e8b00_0, 0, 4;
T_24.6 ;
    %jmp T_24.5;
T_24.1 ;
    %load/vec4 v000001dfa9c66d80_0;
    %flag_set/vec4 8;
    %jmp/0xz  T_24.8, 8;
    %pushi/vec4 4, 0, 4;
    %store/vec4 v000001dfaa0e8b00_0, 0, 4;
T_24.8 ;
    %jmp T_24.5;
T_24.2 ;
    %load/vec4 v000001dfaa0e89c0_0;
    %flag_set/vec4 8;
    %jmp/0xz  T_24.10, 8;
    %pushi/vec4 8, 0, 4;
    %store/vec4 v000001dfaa0e8b00_0, 0, 4;
T_24.10 ;
    %jmp T_24.5;
T_24.3 ;
    %load/vec4 v000001dfa9c673c0_0;
    %flag_set/vec4 8;
    %jmp/0xz  T_24.12, 8;
    %pushi/vec4 1, 0, 4;
    %store/vec4 v000001dfaa0e8b00_0, 0, 4;
T_24.12 ;
    %jmp T_24.5;
T_24.5 ;
    %pop/vec4 1;
    %jmp T_24;
    .thread T_24, $push;
    .scope S_000001dfa9c33a80;
T_25 ;
    %wait E_000001dfaa07e110;
    %load/vec4 v000001dfa9c670a0_0;
    %nor/r;
    %flag_set/vec4 8;
    %jmp/0xz  T_25.0, 8;
    %pushi/vec4 0, 0, 2;
    %assign/vec4 v000001dfa9c669c0_0, 0;
    %pushi/vec4 0, 0, 1;
    %assign/vec4 v000001dfa9c67460_0, 0;
    %jmp T_25.1;
T_25.0 ;
    %load/vec4 v000001dfaa0e8b00_0;
    %dup/vec4;
    %pushi/vec4 1, 0, 4;
    %cmp/u;
    %jmp/1 T_25.2, 6;
    %dup/vec4;
    %pushi/vec4 2, 0, 4;
    %cmp/u;
    %jmp/1 T_25.3, 6;
    %dup/vec4;
    %pushi/vec4 4, 0, 4;
    %cmp/u;
    %jmp/1 T_25.4, 6;
    %dup/vec4;
    %pushi/vec4 8, 0, 4;
    %cmp/u;
    %jmp/1 T_25.5, 6;
    %jmp T_25.6;
T_25.2 ;
    %pushi/vec4 0, 0, 2;
    %assign/vec4 v000001dfa9c669c0_0, 0;
    %pushi/vec4 0, 0, 1;
    %assign/vec4 v000001dfa9c67460_0, 0;
    %jmp T_25.6;
T_25.3 ;
    %pushi/vec4 0, 0, 2;
    %assign/vec4 v000001dfa9c669c0_0, 0;
    %pushi/vec4 0, 0, 1;
    %assign/vec4 v000001dfa9c67460_0, 0;
    %jmp T_25.6;
T_25.4 ;
    %pushi/vec4 0, 0, 2;
    %assign/vec4 v000001dfa9c669c0_0, 0;
    %pushi/vec4 0, 0, 1;
    %assign/vec4 v000001dfa9c67460_0, 0;
    %jmp T_25.6;
T_25.5 ;
    %load/vec4 v000001dfaa0e8380_0;
    %ix/load 4, 1, 0;
    %ix/load 5, 0, 0;
    %flag_set/imm 4, 0;
    %assign/vec4/off/d v000001dfa9c669c0_0, 4, 5;
    %pushi/vec4 1, 0, 1;
    %assign/vec4 v000001dfa9c67460_0, 0;
    %jmp T_25.6;
T_25.6 ;
    %pop/vec4 1;
T_25.1 ;
    %jmp T_25;
    .thread T_25;
    .scope S_000001dfa9c33a80;
T_26 ;
    %wait E_000001dfaa07e110;
    %load/vec4 v000001dfa9c670a0_0;
    %nor/r;
    %flag_set/vec4 8;
    %jmp/0xz  T_26.0, 8;
    %pushi/vec4 0, 0, 1;
    %assign/vec4 v000001dfaa0e8100_0, 0;
    %pushi/vec4 0, 0, 32;
    %assign/vec4 v000001dfaa0e9be0_0, 0;
    %jmp T_26.1;
T_26.0 ;
    %load/vec4 v000001dfaa0e8b00_0;
    %dup/vec4;
    %pushi/vec4 1, 0, 4;
    %cmp/u;
    %jmp/1 T_26.2, 6;
    %dup/vec4;
    %pushi/vec4 2, 0, 4;
    %cmp/u;
    %jmp/1 T_26.3, 6;
    %dup/vec4;
    %pushi/vec4 4, 0, 4;
    %cmp/u;
    %jmp/1 T_26.4, 6;
    %jmp T_26.5;
T_26.2 ;
    %pushi/vec4 0, 0, 1;
    %assign/vec4 v000001dfaa0e8100_0, 0;
    %jmp T_26.5;
T_26.3 ;
    %load/vec4 v000001dfaa0e98c0_0;
    %assign/vec4 v000001dfaa0e9be0_0, 0;
    %pushi/vec4 1, 0, 1;
    %assign/vec4 v000001dfaa0e8100_0, 0;
    %jmp T_26.5;
T_26.4 ;
    %pushi/vec4 0, 0, 1;
    %assign/vec4 v000001dfaa0e8100_0, 0;
    %jmp T_26.5;
T_26.5 ;
    %pop/vec4 1;
T_26.1 ;
    %jmp T_26;
    .thread T_26;
    .scope S_000001dfa9c33a80;
T_27 ;
    %wait E_000001dfaa07e110;
    %load/vec4 v000001dfa9c670a0_0;
    %nor/r;
    %flag_set/vec4 8;
    %jmp/0xz  T_27.0, 8;
    %pushi/vec4 1, 0, 4;
    %assign/vec4 v000001dfaa0e8740_0, 0;
    %jmp T_27.1;
T_27.0 ;
    %load/vec4 v000001dfaa0e9c80_0;
    %assign/vec4 v000001dfaa0e8740_0, 0;
T_27.1 ;
    %jmp T_27;
    .thread T_27;
    .scope S_000001dfa9c33a80;
T_28 ;
    %wait E_000001dfaa07dcd0;
    %load/vec4 v000001dfaa0e8740_0;
    %store/vec4 v000001dfaa0e9c80_0, 0, 4;
    %load/vec4 v000001dfaa0e8740_0;
    %dup/vec4;
    %pushi/vec4 1, 0, 4;
    %cmp/u;
    %jmp/1 T_28.0, 6;
    %dup/vec4;
    %pushi/vec4 2, 0, 4;
    %cmp/u;
    %jmp/1 T_28.1, 6;
    %dup/vec4;
    %pushi/vec4 4, 0, 4;
    %cmp/u;
    %jmp/1 T_28.2, 6;
    %dup/vec4;
    %pushi/vec4 8, 0, 4;
    %cmp/u;
    %jmp/1 T_28.3, 6;
    %pushi/vec4 1, 0, 4;
    %store/vec4 v000001dfaa0e9c80_0, 0, 4;
    %jmp T_28.5;
T_28.0 ;
    %load/vec4 v000001dfa9c666a0_0;
    %load/vec4 v000001dfa9c66600_0;
    %and;
    %flag_set/vec4 8;
    %jmp/0xz  T_28.6, 8;
    %pushi/vec4 2, 0, 4;
    %store/vec4 v000001dfaa0e9c80_0, 0, 4;
T_28.6 ;
    %jmp T_28.5;
T_28.1 ;
    %load/vec4 v000001dfa9c675a0_0;
    %flag_set/vec4 8;
    %jmp/0xz  T_28.8, 8;
    %pushi/vec4 4, 0, 4;
    %store/vec4 v000001dfaa0e9c80_0, 0, 4;
T_28.8 ;
    %jmp T_28.5;
T_28.2 ;
    %load/vec4 v000001dfaa0e84c0_0;
    %flag_set/vec4 8;
    %jmp/0xz  T_28.10, 8;
    %pushi/vec4 8, 0, 4;
    %store/vec4 v000001dfaa0e9c80_0, 0, 4;
T_28.10 ;
    %jmp T_28.5;
T_28.3 ;
    %pushi/vec4 1, 0, 4;
    %store/vec4 v000001dfaa0e9c80_0, 0, 4;
    %jmp T_28.5;
T_28.5 ;
    %pop/vec4 1;
    %jmp T_28;
    .thread T_28, $push;
    .scope S_000001dfa9c33a80;
T_29 ;
    %wait E_000001dfaa07e110;
    %load/vec4 v000001dfa9c670a0_0;
    %nor/r;
    %flag_set/vec4 8;
    %jmp/0xz  T_29.0, 8;
    %pushi/vec4 0, 0, 1;
    %assign/vec4 v000001dfaa0e8a60_0, 0;
    %pushi/vec4 0, 0, 32;
    %assign/vec4 v000001dfaa0e81a0_0, 0;
    %pushi/vec4 1, 0, 1;
    %assign/vec4 v000001dfaa0e9280_0, 0;
    %pushi/vec4 0, 0, 2;
    %assign/vec4 v000001dfaa0e8240_0, 0;
    %jmp T_29.1;
T_29.0 ;
    %load/vec4 v000001dfaa0e9c80_0;
    %dup/vec4;
    %pushi/vec4 1, 0, 4;
    %cmp/u;
    %jmp/1 T_29.2, 6;
    %dup/vec4;
    %pushi/vec4 4, 0, 4;
    %cmp/u;
    %jmp/1 T_29.3, 6;
    %dup/vec4;
    %pushi/vec4 8, 0, 4;
    %cmp/u;
    %jmp/1 T_29.4, 6;
    %jmp T_29.5;
T_29.2 ;
    %pushi/vec4 0, 0, 1;
    %assign/vec4 v000001dfaa0e8a60_0, 0;
    %pushi/vec4 0, 0, 2;
    %assign/vec4 v000001dfaa0e8240_0, 0;
    %jmp T_29.5;
T_29.3 ;
    %pushi/vec4 1, 0, 1;
    %assign/vec4 v000001dfaa0e8a60_0, 0;
    %jmp T_29.5;
T_29.4 ;
    %pushi/vec4 0, 0, 1;
    %assign/vec4 v000001dfaa0e8a60_0, 0;
    %load/vec4 v000001dfa9c66ba0_0;
    %assign/vec4 v000001dfaa0e81a0_0, 0;
    %load/vec4 v000001dfa9c65fc0_0;
    %ix/load 4, 1, 0;
    %ix/load 5, 0, 0;
    %flag_set/imm 4, 0;
    %assign/vec4/off/d v000001dfaa0e8240_0, 4, 5;
    %jmp T_29.5;
T_29.5 ;
    %pop/vec4 1;
T_29.1 ;
    %jmp T_29;
    .thread T_29;
    .scope S_000001dfa9c33a80;
T_30 ;
    %wait E_000001dfaa07e110;
    %load/vec4 v000001dfa9c670a0_0;
    %nor/r;
    %flag_set/vec4 8;
    %jmp/0xz  T_30.0, 8;
    %pushi/vec4 0, 0, 1;
    %assign/vec4 v000001dfa9c66ce0_0, 0;
    %pushi/vec4 4, 0, 32;
    %assign/vec4 v000001dfa9c65ac0_0, 0;
    %jmp T_30.1;
T_30.0 ;
    %load/vec4 v000001dfaa0e9c80_0;
    %dup/vec4;
    %pushi/vec4 1, 0, 4;
    %cmp/u;
    %jmp/1 T_30.2, 6;
    %dup/vec4;
    %pushi/vec4 2, 0, 4;
    %cmp/u;
    %jmp/1 T_30.3, 6;
    %dup/vec4;
    %pushi/vec4 8, 0, 4;
    %cmp/u;
    %jmp/1 T_30.4, 6;
    %jmp T_30.5;
T_30.2 ;
    %pushi/vec4 0, 0, 1;
    %assign/vec4 v000001dfa9c66ce0_0, 0;
    %jmp T_30.5;
T_30.3 ;
    %pushi/vec4 1, 0, 1;
    %assign/vec4 v000001dfa9c66ce0_0, 0;
    %load/vec4 v000001dfa9c67500_0;
    %assign/vec4 v000001dfa9c65ac0_0, 0;
    %jmp T_30.5;
T_30.4 ;
    %pushi/vec4 0, 0, 1;
    %assign/vec4 v000001dfa9c66ce0_0, 0;
    %jmp T_30.5;
T_30.5 ;
    %pop/vec4 1;
T_30.1 ;
    %jmp T_30;
    .thread T_30;
    .scope S_000001dfaa088280;
T_31 ;
    %wait E_000001dfaa07e110;
    %load/vec4 v000001dfaa0ef7a0_0;
    %cmpi/e 0, 0, 1;
    %jmp/0xz  T_31.0, 4;
    %pushi/vec4 0, 0, 4;
    %assign/vec4 v000001dfaa0ee440_0, 0;
T_31.0 ;
    %load/vec4 v000001dfaa0efac0_0;
    %flag_set/vec4 8;
    %jmp/0xz  T_31.2, 8;
    %load/vec4 v000001dfaa0ee440_0;
    %pad/u 32;
    %cmpi/e 0, 0, 32;
    %jmp/0xz  T_31.4, 4;
    %pushi/vec4 0, 0, 4;
    %assign/vec4 v000001dfaa0ee440_0, 0;
    %jmp T_31.5;
T_31.4 ;
    %load/vec4 v000001dfaa0ee440_0;
    %pad/u 32;
    %cmpi/u 0, 0, 32;
    %flag_or 5, 4; GT is !LE
    %flag_inv 5;
    %jmp/0xz  T_31.6, 5;
    %load/vec4 v000001dfaa0ee440_0;
    %subi 1, 0, 4;
    %assign/vec4 v000001dfaa0ee440_0, 0;
T_31.6 ;
T_31.5 ;
T_31.2 ;
    %jmp T_31;
    .thread T_31;
    .scope S_000001dfaa088280;
T_32 ;
    %wait E_000001dfaa07e110;
    %load/vec4 v000001dfaa0ef7a0_0;
    %cmpi/e 0, 0, 1;
    %jmp/0xz  T_32.0, 4;
    %pushi/vec4 0, 0, 4;
    %assign/vec4 v000001dfaa0ef340_0, 0;
T_32.0 ;
    %load/vec4 v000001dfaa0ef480_0;
    %flag_set/vec4 8;
    %jmp/0xz  T_32.2, 8;
    %load/vec4 v000001dfaa0ef340_0;
    %pad/u 32;
    %cmpi/e 0, 0, 32;
    %jmp/0xz  T_32.4, 4;
    %pushi/vec4 0, 0, 4;
    %assign/vec4 v000001dfaa0ef340_0, 0;
    %jmp T_32.5;
T_32.4 ;
    %load/vec4 v000001dfaa0ef340_0;
    %pad/u 32;
    %cmpi/u 0, 0, 32;
    %flag_or 5, 4; GT is !LE
    %flag_inv 5;
    %jmp/0xz  T_32.6, 5;
    %load/vec4 v000001dfaa0ef340_0;
    %subi 1, 0, 4;
    %assign/vec4 v000001dfaa0ef340_0, 0;
T_32.6 ;
T_32.5 ;
T_32.2 ;
    %jmp T_32;
    .thread T_32;
    .scope S_000001dfaa088280;
T_33 ;
    %wait E_000001dfaa07e110;
    %load/vec4 v000001dfaa0ef7a0_0;
    %nor/r;
    %flag_set/vec4 8;
    %jmp/0xz  T_33.0, 8;
    %pushi/vec4 0, 0, 1;
    %assign/vec4 v000001dfaa0efa20_0, 0;
    %jmp T_33.1;
T_33.0 ;
    %load/vec4 v000001dfaa0ee940_0;
    %flag_set/vec4 8;
    %jmp/0xz  T_33.2, 8;
    %load/vec4 v000001dfaa0efd40_0;
    %pad/u 32;
    %cmpi/u 256, 0, 32;
    %jmp/0xz  T_33.4, 5;
    %load/vec4 v000001dfaa0ef020_0;
    %ix/getv 3, v000001dfaa0efd40_0;
    %ix/load 4, 0, 0; Constant delay
    %assign/vec4/a/d v000001dfaa0e8060, 0, 4;
    %pushi/vec4 0, 0, 1;
    %assign/vec4 v000001dfaa0efa20_0, 0;
    %jmp T_33.5;
T_33.4 ;
    %pushi/vec4 1, 0, 1;
    %assign/vec4 v000001dfaa0efa20_0, 0;
T_33.5 ;
T_33.2 ;
T_33.1 ;
    %jmp T_33;
    .thread T_33;
    .scope S_000001dfaa088280;
T_34 ;
    %wait E_000001dfaa07d450;
    %load/vec4 v000001dfaa0ef7a0_0;
    %nor/r;
    %flag_set/vec4 8;
    %jmp/0xz  T_34.0, 8;
    %pushi/vec4 0, 0, 32;
    %store/vec4 v000001dfaa0efca0_0, 0, 32;
    %pushi/vec4 0, 0, 1;
    %store/vec4 v000001dfaa0ef2a0_0, 0, 1;
    %jmp T_34.1;
T_34.0 ;
    %load/vec4 v000001dfaa0e90a0_0;
    %flag_set/vec4 8;
    %jmp/0xz  T_34.2, 8;
    %load/vec4 v000001dfaa0ee580_0;
    %pad/u 32;
    %cmpi/u 256, 0, 32;
    %jmp/0xz  T_34.4, 5;
    %ix/getv 4, v000001dfaa0ee580_0;
    %load/vec4a v000001dfaa0e8060, 4;
    %store/vec4 v000001dfaa0efca0_0, 0, 32;
    %pushi/vec4 0, 0, 1;
    %store/vec4 v000001dfaa0ef2a0_0, 0, 1;
    %jmp T_34.5;
T_34.4 ;
    %pushi/vec4 1, 0, 1;
    %store/vec4 v000001dfaa0ef2a0_0, 0, 1;
T_34.5 ;
T_34.2 ;
T_34.1 ;
    %jmp T_34;
    .thread T_34, $push;
    .scope S_000001dfa9c573f0;
T_35 ;
    %vpi_call 2 78 "$dumpfile", "wave.vcd" {0 0 0};
    %vpi_call 2 79 "$dumpvars", 32'sb00000000000000000000000000000000, S_000001dfa9c573f0 {0 0 0};
    %end;
    .thread T_35;
# The file index is used to find the file name in the following table.
:file_names 8;
    "N/A";
    "<interactive>";
    "./tb/testbench.v";
    "./src/AXI_Lite_Master_IF.v";
    "./src/AXI_Lite_Slave_IF.v";
    "./tb/Clock_Reset.v";
    "./tb/Master_Controller_X0.v";
    "./tb/Slave_RegFile.v";
